[ 2018-06-06T10:45:21+08:00 ] 127.0.0.1 /index.php/Api/user/doLogin
INFO: [ app_init ] --START--
INFO: Run Behavior\BuildLiteBehavior [ RunTime:0.000021s ]
INFO: [ app_init ] --END-- [ RunTime:0.000470s ]
INFO: [ app_begin ] --START--
INFO: Run Behavior\ReadHtmlCacheBehavior [ RunTime:0.003655s ]
INFO: [ app_begin ] --END-- [ RunTime:0.003784s ]
NOTIC: [8] A session had already been started - ignoring session_start() F:\www\Zt\Dbshop\ThinkPHP\Common\functions.php 第 1263 行.
SQL: SHOW COLUMNS FROM `tb_user` [ RunTime:0.0006s ]
SQL: SELECT * FROM `tb_user` WHERE `phone` = '15590062337' LIMIT 1   [ RunTime:0.0002s ]
NOTIC: [8] Undefined index: id F:\www\Zt\Dbshop\Application\Api\Controller\UserController.class.php 第 29 行.

[ 2018-06-06T10:45:29+08:00 ] 127.0.0.1 /index.php/Api/user/doReg
INFO: [ app_init ] --START--
INFO: Run Behavior\BuildLiteBehavior [ RunTime:0.000021s ]
INFO: [ app_init ] --END-- [ RunTime:0.000368s ]
INFO: [ app_begin ] --START--
INFO: Run Behavior\ReadHtmlCacheBehavior [ RunTime:0.011236s ]
INFO: [ app_begin ] --END-- [ RunTime:0.011337s ]
NOTIC: [8] A session had already been started - ignoring session_start() F:\www\Zt\Dbshop\ThinkPHP\Common\functions.php 第 1263 行.
SQL: SHOW COLUMNS FROM `tb_user` [ RunTime:0.0006s ]
SQL: INSERT INTO `tb_user` (`phone`,`username`,`password`,`createtime`) VALUES ('13689895959','Nihao666','Haoshuai999','2018-06-06,10:45:29') [ RunTime:0.0033s ]

[ 2018-06-06T10:45:33+08:00 ] 127.0.0.1 /index.php/Api/cart/cartlist
INFO: [ app_init ] --START--
INFO: Run Behavior\BuildLiteBehavior [ RunTime:0.000019s ]
INFO: [ app_init ] --END-- [ RunTime:0.000325s ]
INFO: [ app_begin ] --START--
INFO: Run Behavior\ReadHtmlCacheBehavior [ RunTime:0.000372s ]
INFO: [ app_begin ] --END-- [ RunTime:0.000472s ]
NOTIC: [8] A session had already been started - ignoring session_start() F:\www\Zt\Dbshop\ThinkPHP\Common\functions.php 第 1263 行.
SQL: SHOW COLUMNS FROM `tb_cart` [ RunTime:0.0006s ]
SQL: SELECT * FROM `tb_cart` WHERE `user_id` = null  [ RunTime:0.0003s ]

[ 2018-06-06T10:55:30+08:00 ] 192.168.199.115 /index.php/Api/goods/info
INFO: [ app_init ] --START--
INFO: Run Behavior\BuildLiteBehavior [ RunTime:0.000018s ]
INFO: [ app_init ] --END-- [ RunTime:0.000328s ]
INFO: [ app_begin ] --START--
INFO: Run Behavior\ReadHtmlCacheBehavior [ RunTime:0.000482s ]
INFO: [ app_begin ] --END-- [ RunTime:0.000582s ]
NOTIC: [8] A session had already been started - ignoring session_start() F:\www\Zt\Dbshop\ThinkPHP\Common\functions.php 第 1263 行.
NOTIC: [8] Undefined index: id F:\www\Zt\Dbshop\Application\Api\Controller\GoodsController.class.php 第 12 行.
NOTIC: [2048] Declaration of Api\Model\GoodsModel::getList() should be compatible with Api\Model\BaseModel::getList($where = Array, $offset = 0, $limit = 20) F:\www\Zt\Dbshop\Application\Api\Model\GoodsModel.class.php 第 4 行.
SQL: SHOW COLUMNS FROM `tb_goods` [ RunTime:0.0008s ]
SQL: SELECT * FROM `tb_goods` WHERE `id` = null LIMIT 1   [ RunTime:0.0003s ]

[ 2018-06-06T10:56:05+08:00 ] 192.168.199.115 /index.php/Api/goods/info
INFO: [ app_init ] --START--
INFO: Run Behavior\BuildLiteBehavior [ RunTime:0.000017s ]
INFO: [ app_init ] --END-- [ RunTime:0.000297s ]
INFO: [ app_begin ] --START--
INFO: Run Behavior\ReadHtmlCacheBehavior [ RunTime:0.000345s ]
INFO: [ app_begin ] --END-- [ RunTime:0.000438s ]
NOTIC: [8] A session had already been started - ignoring session_start() F:\www\Zt\Dbshop\ThinkPHP\Common\functions.php 第 1263 行.
NOTIC: [8] Undefined index: id F:\www\Zt\Dbshop\Application\Api\Controller\GoodsController.class.php 第 12 行.
NOTIC: [2048] Declaration of Api\Model\GoodsModel::getList() should be compatible with Api\Model\BaseModel::getList($where = Array, $offset = 0, $limit = 20) F:\www\Zt\Dbshop\Application\Api\Model\GoodsModel.class.php 第 4 行.
SQL: SHOW COLUMNS FROM `tb_goods` [ RunTime:0.0006s ]
SQL: SELECT * FROM `tb_goods` WHERE `id` = null LIMIT 1   [ RunTime:0.0002s ]

[ 2018-06-06T10:56:21+08:00 ] 192.168.199.115 /index.php/Api/goods/info%EF%BC%9F1
INFO: [ app_init ] --START--
INFO: Run Behavior\BuildLiteBehavior [ RunTime:0.000017s ]
INFO: [ app_init ] --END-- [ RunTime:0.000332s ]
INFO: [ app_begin ] --START--
INFO: Run Behavior\ReadHtmlCacheBehavior [ RunTime:0.000331s ]
INFO: [ app_begin ] --END-- [ RunTime:0.000491s ]
NOTIC: [8] A session had already been started - ignoring session_start() F:\www\Zt\Dbshop\ThinkPHP\Common\functions.php 第 1263 行.
ERR: 非法操作:info？1

[ 2018-06-06T10:56:29+08:00 ] 192.168.199.115 /index.php/Api/goods/info?1
INFO: [ app_init ] --START--
INFO: Run Behavior\BuildLiteBehavior [ RunTime:0.000017s ]
INFO: [ app_init ] --END-- [ RunTime:0.000363s ]
INFO: [ app_begin ] --START--
INFO: Run Behavior\ReadHtmlCacheBehavior [ RunTime:0.000360s ]
INFO: [ app_begin ] --END-- [ RunTime:0.000473s ]
NOTIC: [8] A session had already been started - ignoring session_start() F:\www\Zt\Dbshop\ThinkPHP\Common\functions.php 第 1263 行.
NOTIC: [8] Undefined index: id F:\www\Zt\Dbshop\Application\Api\Controller\GoodsController.class.php 第 12 行.
NOTIC: [2048] Declaration of Api\Model\GoodsModel::getList() should be compatible with Api\Model\BaseModel::getList($where = Array, $offset = 0, $limit = 20) F:\www\Zt\Dbshop\Application\Api\Model\GoodsModel.class.php 第 4 行.
SQL: SHOW COLUMNS FROM `tb_goods` [ RunTime:0.0006s ]
SQL: SELECT * FROM `tb_goods` WHERE `id` = null LIMIT 1   [ RunTime:0.0002s ]

[ 2018-06-06T10:56:39+08:00 ] 192.168.199.115 /index.php/Api/goods/info?id=1
INFO: [ app_init ] --START--
INFO: Run Behavior\BuildLiteBehavior [ RunTime:0.000018s ]
INFO: [ app_init ] --END-- [ RunTime:0.000334s ]
INFO: [ app_begin ] --START--
INFO: Run Behavior\ReadHtmlCacheBehavior [ RunTime:0.000331s ]
INFO: [ app_begin ] --END-- [ RunTime:0.000431s ]
NOTIC: [8] A session had already been started - ignoring session_start() F:\www\Zt\Dbshop\ThinkPHP\Common\functions.php 第 1263 行.
NOTIC: [2048] Declaration of Api\Model\GoodsModel::getList() should be compatible with Api\Model\BaseModel::getList($where = Array, $offset = 0, $limit = 20) F:\www\Zt\Dbshop\Application\Api\Model\GoodsModel.class.php 第 4 行.
SQL: SHOW COLUMNS FROM `tb_goods` [ RunTime:0.0006s ]
SQL: SELECT * FROM `tb_goods` WHERE `id` = 1 LIMIT 1   [ RunTime:0.0003s ]

[ 2018-06-06T11:00:52+08:00 ] 127.0.0.1 /index.php/Api/order/confirmorder
INFO: [ app_init ] --START--
INFO: Run Behavior\BuildLiteBehavior [ RunTime:0.000023s ]
INFO: [ app_init ] --END-- [ RunTime:0.013236s ]
INFO: [ app_begin ] --START--
INFO: Run Behavior\ReadHtmlCacheBehavior [ RunTime:0.000418s ]
INFO: [ app_begin ] --END-- [ RunTime:0.000516s ]
NOTIC: [8] A session had already been started - ignoring session_start() F:\www\Zt\Dbshop\ThinkPHP\Common\functions.php 第 1263 行.
SQL: SHOW COLUMNS FROM `tb_order_tmp` [ RunTime:0.0004s ]
SQL: SELECT * FROM `tb_order_tmp` WHERE `id` = 0 LIMIT 1   [ RunTime:0.0002s ]
NOTIC: [2] Invalid argument supplied for foreach() F:\www\Zt\Dbshop\Application\Api\Controller\OrderController.class.php 第 73 行.
SQL: SHOW COLUMNS FROM `tb_address` [ RunTime:0.0004s ]
SQL: SELECT * FROM `tb_address` WHERE `user_id` = null LIMIT 0,20   [ RunTime:0.0002s ]
NOTIC: [8] Undefined offset: 0 F:\www\Zt\Dbshop\Application\Api\Controller\OrderController.class.php 第 80 行.
INFO: [ view_parse ] --START--
INFO: [ template_filter ] --START--
INFO: Run Behavior\ContentReplaceBehavior [ RunTime:0.000070s ]
INFO: [ template_filter ] --END-- [ RunTime:0.000175s ]
INFO: Run Behavior\ParseTemplateBehavior [ RunTime:0.300965s ]
INFO: [ view_parse ] --END-- [ RunTime:0.301092s ]
INFO: [ view_filter ] --START--
INFO: Run Behavior\WriteHtmlCacheBehavior [ RunTime:0.000274s ]
INFO: [ view_filter ] --END-- [ RunTime:0.000359s ]
INFO: [ app_end ] --START--
INFO: Run Behavior\ShowPageTraceBehavior [ RunTime:0.000453s ]
INFO: [ app_end ] --END-- [ RunTime:0.000545s ]

[ 2018-06-06T11:01:28+08:00 ] 192.168.199.115 /index.php/Api/goods/info?id=1
INFO: [ app_init ] --START--
INFO: Run Behavior\BuildLiteBehavior [ RunTime:0.000018s ]
INFO: [ app_init ] --END-- [ RunTime:0.000331s ]
INFO: [ app_begin ] --START--
INFO: Run Behavior\ReadHtmlCacheBehavior [ RunTime:0.000380s ]
INFO: [ app_begin ] --END-- [ RunTime:0.000472s ]
NOTIC: [8] A session had already been started - ignoring session_start() F:\www\Zt\Dbshop\ThinkPHP\Common\functions.php 第 1263 行.
NOTIC: [2048] Declaration of Api\Model\GoodsModel::getList() should be compatible with Api\Model\BaseModel::getList($where = Array, $offset = 0, $limit = 20) F:\www\Zt\Dbshop\Application\Api\Model\GoodsModel.class.php 第 4 行.
SQL: SHOW COLUMNS FROM `tb_goods` [ RunTime:0.0006s ]
SQL: SELECT * FROM `tb_goods` WHERE `id` = 1 LIMIT 1   [ RunTime:0.0004s ]

[ 2018-06-06T11:01:42+08:00 ] 127.0.0.1 /index.php/Api/order/confirmorder
INFO: [ app_init ] --START--
INFO: Run Behavior\BuildLiteBehavior [ RunTime:0.000027s ]
INFO: [ app_init ] --END-- [ RunTime:0.000345s ]
INFO: [ app_begin ] --START--
INFO: Run Behavior\ReadHtmlCacheBehavior [ RunTime:0.000370s ]
INFO: [ app_begin ] --END-- [ RunTime:0.000469s ]
NOTIC: [8] A session had already been started - ignoring session_start() F:\www\Zt\Dbshop\ThinkPHP\Common\functions.php 第 1263 行.
SQL: SHOW COLUMNS FROM `tb_order_tmp` [ RunTime:0.0004s ]
SQL: SELECT * FROM `tb_order_tmp` WHERE `id` = 0 LIMIT 1   [ RunTime:0.0002s ]
NOTIC: [2] Invalid argument supplied for foreach() F:\www\Zt\Dbshop\Application\Api\Controller\OrderController.class.php 第 73 行.

[ 2018-06-06T11:02:10+08:00 ] 127.0.0.1 /index.php/Api/order/confirmorder
INFO: [ app_init ] --START--
INFO: Run Behavior\BuildLiteBehavior [ RunTime:0.000022s ]
INFO: [ app_init ] --END-- [ RunTime:0.000376s ]
INFO: [ app_begin ] --START--
INFO: Run Behavior\ReadHtmlCacheBehavior [ RunTime:0.000374s ]
INFO: [ app_begin ] --END-- [ RunTime:0.000490s ]
NOTIC: [8] A session had already been started - ignoring session_start() F:\www\Zt\Dbshop\ThinkPHP\Common\functions.php 第 1263 行.
SQL: SHOW COLUMNS FROM `tb_order_tmp` [ RunTime:0.0004s ]
SQL: SELECT * FROM `tb_order_tmp` WHERE `id` = 0 LIMIT 1   [ RunTime:0.0002s ]
NOTIC: [2] Invalid argument supplied for foreach() F:\www\Zt\Dbshop\Application\Api\Controller\OrderController.class.php 第 73 行.

[ 2018-06-06T11:02:26+08:00 ] 192.168.199.115 /index.php/Api/goods/info?id=1
INFO: [ app_init ] --START--
INFO: Run Behavior\BuildLiteBehavior [ RunTime:0.000018s ]
INFO: [ app_init ] --END-- [ RunTime:0.000312s ]
INFO: [ app_begin ] --START--
INFO: Run Behavior\ReadHtmlCacheBehavior [ RunTime:0.000373s ]
INFO: [ app_begin ] --END-- [ RunTime:0.000505s ]
NOTIC: [8] A session had already been started - ignoring session_start() F:\www\Zt\Dbshop\ThinkPHP\Common\functions.php 第 1263 行.
NOTIC: [2048] Declaration of Api\Model\GoodsModel::getList() should be compatible with Api\Model\BaseModel::getList($where = Array, $offset = 0, $limit = 20) F:\www\Zt\Dbshop\Application\Api\Model\GoodsModel.class.php 第 4 行.
SQL: SHOW COLUMNS FROM `tb_goods` [ RunTime:0.0006s ]
SQL: SELECT * FROM `tb_goods` WHERE `id` = 1 LIMIT 1   [ RunTime:0.0003s ]

[ 2018-06-06T11:02:51+08:00 ] 127.0.0.1 /index.php/Api/order/confirmorder
INFO: [ app_init ] --START--
INFO: Run Behavior\BuildLiteBehavior [ RunTime:0.000018s ]
INFO: [ app_init ] --END-- [ RunTime:0.000320s ]
INFO: [ app_begin ] --START--
INFO: Run Behavior\ReadHtmlCacheBehavior [ RunTime:0.000390s ]
INFO: [ app_begin ] --END-- [ RunTime:0.000492s ]
NOTIC: [8] A session had already been started - ignoring session_start() F:\www\Zt\Dbshop\ThinkPHP\Common\functions.php 第 1263 行.
SQL: SHOW COLUMNS FROM `tb_order_tmp` [ RunTime:0.0004s ]
SQL: SELECT * FROM `tb_order_tmp` WHERE `id` = 0 LIMIT 1   [ RunTime:0.0002s ]
NOTIC: [2] Invalid argument supplied for foreach() F:\www\Zt\Dbshop\Application\Api\Controller\OrderController.class.php 第 73 行.

[ 2018-06-06T11:03:10+08:00 ] 127.0.0.1 /index.php/Api/order/confirmorder
INFO: [ app_init ] --START--
INFO: Run Behavior\BuildLiteBehavior [ RunTime:0.000019s ]
INFO: [ app_init ] --END-- [ RunTime:0.000388s ]
INFO: [ app_begin ] --START--
INFO: Run Behavior\ReadHtmlCacheBehavior [ RunTime:0.000495s ]
INFO: [ app_begin ] --END-- [ RunTime:0.000631s ]
NOTIC: [8] A session had already been started - ignoring session_start() F:\www\Zt\Dbshop\ThinkPHP\Common\functions.php 第 1263 行.
SQL: SHOW COLUMNS FROM `tb_order_tmp` [ RunTime:0.0007s ]
SQL: SELECT * FROM `tb_order_tmp` WHERE `id` = 0 LIMIT 1   [ RunTime:0.0004s ]
NOTIC: [2] Invalid argument supplied for foreach() F:\www\Zt\Dbshop\Application\Api\Controller\OrderController.class.php 第 73 行.

[ 2018-06-06T11:03:22+08:00 ] 127.0.0.1 /index.php/Api/order/confirmorder?oid=45
INFO: [ app_init ] --START--
INFO: Run Behavior\BuildLiteBehavior [ RunTime:0.000021s ]
INFO: [ app_init ] --END-- [ RunTime:0.000330s ]
INFO: [ app_begin ] --START--
INFO: Run Behavior\ReadHtmlCacheBehavior [ RunTime:0.000340s ]
INFO: [ app_begin ] --END-- [ RunTime:0.000438s ]
NOTIC: [8] A session had already been started - ignoring session_start() F:\www\Zt\Dbshop\ThinkPHP\Common\functions.php 第 1263 行.
SQL: SHOW COLUMNS FROM `tb_order_tmp` [ RunTime:0.0005s ]
SQL: SELECT * FROM `tb_order_tmp` WHERE `id` = 45 LIMIT 1   [ RunTime:0.0002s ]
NOTIC: [2048] Declaration of Api\Model\GoodsModel::getList() should be compatible with Api\Model\BaseModel::getList($where = Array, $offset = 0, $limit = 20) F:\www\Zt\Dbshop\Application\Api\Model\GoodsModel.class.php 第 12 行.
SQL: SHOW COLUMNS FROM `tb_goods` [ RunTime:0.0004s ]
SQL: SELECT * FROM `tb_goods` WHERE `id` = 7 LIMIT 1   [ RunTime:0.0002s ]
SQL: SELECT * FROM `tb_goods` WHERE `id` = 1 LIMIT 1   [ RunTime:0.0002s ]

[ 2018-06-06T11:05:47+08:00 ] 192.168.199.115 /index.php/Api/goods/info?id=1
INFO: [ app_init ] --START--
INFO: Run Behavior\BuildLiteBehavior [ RunTime:0.000018s ]
INFO: [ app_init ] --END-- [ RunTime:0.000346s ]
INFO: [ app_begin ] --START--
INFO: Run Behavior\ReadHtmlCacheBehavior [ RunTime:0.000440s ]
INFO: [ app_begin ] --END-- [ RunTime:0.000541s ]
NOTIC: [8] A session had already been started - ignoring session_start() F:\www\Zt\Dbshop\ThinkPHP\Common\functions.php 第 1263 行.
NOTIC: [2048] Declaration of Api\Model\GoodsModel::getList() should be compatible with Api\Model\BaseModel::getList($where = Array, $offset = 0, $limit = 20) F:\www\Zt\Dbshop\Application\Api\Model\GoodsModel.class.php 第 4 行.
SQL: SHOW COLUMNS FROM `tb_goods` [ RunTime:0.0007s ]
SQL: SELECT * FROM `tb_goods` WHERE `id` = 1 LIMIT 1   [ RunTime:0.0003s ]

[ 2018-06-06T11:05:47+08:00 ] 192.168.199.115 /index.php/Api/goods/info?id=1
INFO: [ app_init ] --START--
INFO: Run Behavior\BuildLiteBehavior [ RunTime:0.000038s ]
INFO: [ app_init ] --END-- [ RunTime:0.000419s ]
INFO: [ app_begin ] --START--
INFO: Run Behavior\ReadHtmlCacheBehavior [ RunTime:0.000666s ]
INFO: [ app_begin ] --END-- [ RunTime:0.000804s ]
NOTIC: [8] A session had already been started - ignoring session_start() F:\www\Zt\Dbshop\ThinkPHP\Common\functions.php 第 1263 行.
NOTIC: [2048] Declaration of Api\Model\GoodsModel::getList() should be compatible with Api\Model\BaseModel::getList($where = Array, $offset = 0, $limit = 20) F:\www\Zt\Dbshop\Application\Api\Model\GoodsModel.class.php 第 4 行.
SQL: SHOW COLUMNS FROM `tb_goods` [ RunTime:0.0006s ]
SQL: SELECT * FROM `tb_goods` WHERE `id` = 1 LIMIT 1   [ RunTime:0.0003s ]

[ 2018-06-06T11:05:48+08:00 ] 192.168.199.115 /index.php/Api/goods/info?id=1
INFO: [ app_init ] --START--
INFO: Run Behavior\BuildLiteBehavior [ RunTime:0.000050s ]
INFO: [ app_init ] --END-- [ RunTime:0.000538s ]
INFO: [ app_begin ] --START--
INFO: Run Behavior\ReadHtmlCacheBehavior [ RunTime:0.000347s ]
INFO: [ app_begin ] --END-- [ RunTime:0.000440s ]
NOTIC: [8] A session had already been started - ignoring session_start() F:\www\Zt\Dbshop\ThinkPHP\Common\functions.php 第 1263 行.
NOTIC: [2048] Declaration of Api\Model\GoodsModel::getList() should be compatible with Api\Model\BaseModel::getList($where = Array, $offset = 0, $limit = 20) F:\www\Zt\Dbshop\Application\Api\Model\GoodsModel.class.php 第 4 行.
SQL: SHOW COLUMNS FROM `tb_goods` [ RunTime:0.0006s ]
SQL: SELECT * FROM `tb_goods` WHERE `id` = 1 LIMIT 1   [ RunTime:0.0004s ]

[ 2018-06-06T11:05:52+08:00 ] 192.168.199.115 /index.php/Api/goods/info?id=1
INFO: [ app_init ] --START--
INFO: Run Behavior\BuildLiteBehavior [ RunTime:0.000017s ]
INFO: [ app_init ] --END-- [ RunTime:0.000320s ]
INFO: [ app_begin ] --START--
INFO: Run Behavior\ReadHtmlCacheBehavior [ RunTime:0.000383s ]
INFO: [ app_begin ] --END-- [ RunTime:0.000476s ]
NOTIC: [8] A session had already been started - ignoring session_start() F:\www\Zt\Dbshop\ThinkPHP\Common\functions.php 第 1263 行.
NOTIC: [2048] Declaration of Api\Model\GoodsModel::getList() should be compatible with Api\Model\BaseModel::getList($where = Array, $offset = 0, $limit = 20) F:\www\Zt\Dbshop\Application\Api\Model\GoodsModel.class.php 第 4 行.
SQL: SHOW COLUMNS FROM `tb_goods` [ RunTime:0.0006s ]
SQL: SELECT * FROM `tb_goods` WHERE `id` = 1 LIMIT 1   [ RunTime:0.0002s ]

[ 2018-06-06T11:07:45+08:00 ] 192.168.199.115 /index.php/Api/goods/info?id=1
INFO: [ app_init ] --START--
INFO: Run Behavior\BuildLiteBehavior [ RunTime:0.000017s ]
INFO: [ app_init ] --END-- [ RunTime:0.000342s ]
INFO: [ app_begin ] --START--
INFO: Run Behavior\ReadHtmlCacheBehavior [ RunTime:0.000312s ]
INFO: [ app_begin ] --END-- [ RunTime:0.000407s ]
NOTIC: [8] A session had already been started - ignoring session_start() F:\www\Zt\Dbshop\ThinkPHP\Common\functions.php 第 1263 行.
NOTIC: [2048] Declaration of Api\Model\GoodsModel::getList() should be compatible with Api\Model\BaseModel::getList($where = Array, $offset = 0, $limit = 20) F:\www\Zt\Dbshop\Application\Api\Model\GoodsModel.class.php 第 4 行.
SQL: SHOW COLUMNS FROM `tb_goods` [ RunTime:0.0006s ]
SQL: SELECT * FROM `tb_goods` WHERE `id` = 1 LIMIT 1   [ RunTime:0.0003s ]

[ 2018-06-06T11:09:06+08:00 ] 192.168.199.115 /index.php/Api/goods/info?id=1
INFO: [ app_init ] --START--
INFO: Run Behavior\BuildLiteBehavior [ RunTime:0.000017s ]
INFO: [ app_init ] --END-- [ RunTime:0.000358s ]
INFO: [ app_begin ] --START--
INFO: Run Behavior\ReadHtmlCacheBehavior [ RunTime:0.000419s ]
INFO: [ app_begin ] --END-- [ RunTime:0.000513s ]
NOTIC: [8] A session had already been started - ignoring session_start() F:\www\Zt\Dbshop\ThinkPHP\Common\functions.php 第 1263 行.
NOTIC: [2048] Declaration of Api\Model\GoodsModel::getList() should be compatible with Api\Model\BaseModel::getList($where = Array, $offset = 0, $limit = 20) F:\www\Zt\Dbshop\Application\Api\Model\GoodsModel.class.php 第 4 行.
SQL: SHOW COLUMNS FROM `tb_goods` [ RunTime:0.0006s ]
SQL: SELECT * FROM `tb_goods` WHERE `id` = 1 LIMIT 1   [ RunTime:0.0004s ]

[ 2018-06-06T11:09:15+08:00 ] 127.0.0.1 /index.php/Api/order/confirmorder?oid=45
INFO: [ app_init ] --START--
INFO: Run Behavior\BuildLiteBehavior [ RunTime:0.000040s ]
INFO: [ app_init ] --END-- [ RunTime:0.000683s ]
INFO: [ app_begin ] --START--
INFO: Run Behavior\ReadHtmlCacheBehavior [ RunTime:0.000549s ]
INFO: [ app_begin ] --END-- [ RunTime:0.000697s ]
NOTIC: [8] A session had already been started - ignoring session_start() F:\www\Zt\Dbshop\ThinkPHP\Common\functions.php 第 1263 行.

[ 2018-06-06T11:09:22+08:00 ] 192.168.199.115 /index.php/Api/goods/info?id=1
INFO: [ app_init ] --START--
INFO: Run Behavior\BuildLiteBehavior [ RunTime:0.000019s ]
INFO: [ app_init ] --END-- [ RunTime:0.000360s ]
INFO: [ app_begin ] --START--
INFO: Run Behavior\ReadHtmlCacheBehavior [ RunTime:0.000337s ]
INFO: [ app_begin ] --END-- [ RunTime:0.000435s ]
NOTIC: [8] A session had already been started - ignoring session_start() F:\www\Zt\Dbshop\ThinkPHP\Common\functions.php 第 1263 行.
NOTIC: [2048] Declaration of Api\Model\GoodsModel::getList() should be compatible with Api\Model\BaseModel::getList($where = Array, $offset = 0, $limit = 20) F:\www\Zt\Dbshop\Application\Api\Model\GoodsModel.class.php 第 4 行.
SQL: SHOW COLUMNS FROM `tb_goods` [ RunTime:0.0008s ]
SQL: SELECT * FROM `tb_goods` WHERE `id` = 1 LIMIT 1   [ RunTime:0.0003s ]

[ 2018-06-06T11:09:25+08:00 ] 127.0.0.1 /index.php/Api/order/confirmorder?oid=45
INFO: [ app_init ] --START--
INFO: Run Behavior\BuildLiteBehavior [ RunTime:0.000025s ]
INFO: [ app_init ] --END-- [ RunTime:0.000458s ]
INFO: [ app_begin ] --START--
INFO: Run Behavior\ReadHtmlCacheBehavior [ RunTime:0.000530s ]
INFO: [ app_begin ] --END-- [ RunTime:0.000655s ]
NOTIC: [8] A session had already been started - ignoring session_start() F:\www\Zt\Dbshop\ThinkPHP\Common\functions.php 第 1263 行.
SQL: SHOW COLUMNS FROM `tb_order_tmp` [ RunTime:0.0006s ]
SQL: SELECT * FROM `tb_order_tmp` WHERE `id` = 45 LIMIT 1   [ RunTime:0.0002s ]
NOTIC: [2048] Declaration of Api\Model\GoodsModel::getList() should be compatible with Api\Model\BaseModel::getList($where = Array, $offset = 0, $limit = 20) F:\www\Zt\Dbshop\Application\Api\Model\GoodsModel.class.php 第 12 行.
SQL: SHOW COLUMNS FROM `tb_goods` [ RunTime:0.0005s ]
SQL: SELECT * FROM `tb_goods` WHERE `id` = 7 LIMIT 1   [ RunTime:0.0002s ]
SQL: SELECT * FROM `tb_goods` WHERE `id` = 1 LIMIT 1   [ RunTime:0.0001s ]
SQL: SHOW COLUMNS FROM `tb_address` [ RunTime:0.0005s ]
SQL: SELECT * FROM `tb_address` WHERE `user_id` = null LIMIT 0,20   [ RunTime:0.0002s ]
NOTIC: [8] Undefined index: goodsId F:\www\Zt\Dbshop\Application\Api\Controller\OrderController.class.php 第 87 行.
NOTIC: [8] Undefined index: goods_name F:\www\Zt\Dbshop\Application\Api\Controller\OrderController.class.php 第 88 行.
NOTIC: [8] Undefined index: image F:\www\Zt\Dbshop\Application\Api\Controller\OrderController.class.php 第 89 行.
NOTIC: [8] Undefined index: goods_info F:\www\Zt\Dbshop\Application\Api\Controller\OrderController.class.php 第 90 行.
NOTIC: [8] Undefined index: price F:\www\Zt\Dbshop\Application\Api\Controller\OrderController.class.php 第 91 行.
SQL: SHOW COLUMNS FROM `tb_tags` [ RunTime:0.0004s ]
NOTIC: [8] Undefined index: tag_id F:\www\Zt\Dbshop\Application\Api\Controller\OrderController.class.php 第 92 行.
SQL: SELECT * FROM `tb_tags` WHERE `id` = null LIMIT 1   [ RunTime:0.0002s ]
NOTIC: [8] Undefined index: count F:\www\Zt\Dbshop\Application\Api\Controller\OrderController.class.php 第 93 行.

[ 2018-06-06T11:10:08+08:00 ] 192.168.199.115 /index.php/Api/goods/info?id=1
INFO: [ app_init ] --START--
INFO: Run Behavior\BuildLiteBehavior [ RunTime:0.000039s ]
INFO: [ app_init ] --END-- [ RunTime:0.000370s ]
INFO: [ app_begin ] --START--
INFO: Run Behavior\ReadHtmlCacheBehavior [ RunTime:0.000389s ]
INFO: [ app_begin ] --END-- [ RunTime:0.000490s ]
NOTIC: [8] A session had already been started - ignoring session_start() F:\www\Zt\Dbshop\ThinkPHP\Common\functions.php 第 1263 行.
NOTIC: [2048] Declaration of Api\Model\GoodsModel::getList() should be compatible with Api\Model\BaseModel::getList($where = Array, $offset = 0, $limit = 20) F:\www\Zt\Dbshop\Application\Api\Model\GoodsModel.class.php 第 4 行.
SQL: SHOW COLUMNS FROM `tb_goods` [ RunTime:0.0006s ]
SQL: SELECT * FROM `tb_goods` WHERE `id` = 1 LIMIT 1   [ RunTime:0.0003s ]

[ 2018-06-06T11:10:09+08:00 ] 192.168.199.115 /index.php/Api/goods/info?id=1
INFO: [ app_init ] --START--
INFO: Run Behavior\BuildLiteBehavior [ RunTime:0.000021s ]
INFO: [ app_init ] --END-- [ RunTime:0.000370s ]
INFO: [ app_begin ] --START--
INFO: Run Behavior\ReadHtmlCacheBehavior [ RunTime:0.000379s ]
INFO: [ app_begin ] --END-- [ RunTime:0.000480s ]
NOTIC: [8] A session had already been started - ignoring session_start() F:\www\Zt\Dbshop\ThinkPHP\Common\functions.php 第 1263 行.
NOTIC: [2048] Declaration of Api\Model\GoodsModel::getList() should be compatible with Api\Model\BaseModel::getList($where = Array, $offset = 0, $limit = 20) F:\www\Zt\Dbshop\Application\Api\Model\GoodsModel.class.php 第 4 行.
SQL: SHOW COLUMNS FROM `tb_goods` [ RunTime:0.0005s ]
SQL: SELECT * FROM `tb_goods` WHERE `id` = 1 LIMIT 1   [ RunTime:0.0002s ]

[ 2018-06-06T11:10:13+08:00 ] 127.0.0.1 /index.php/Api/order/confirmorder?oid=45
INFO: [ app_init ] --START--
INFO: Run Behavior\BuildLiteBehavior [ RunTime:0.000023s ]
INFO: [ app_init ] --END-- [ RunTime:0.000383s ]
INFO: [ app_begin ] --START--
INFO: Run Behavior\ReadHtmlCacheBehavior [ RunTime:0.000448s ]
INFO: [ app_begin ] --END-- [ RunTime:0.000572s ]
NOTIC: [8] A session had already been started - ignoring session_start() F:\www\Zt\Dbshop\ThinkPHP\Common\functions.php 第 1263 行.
SQL: SHOW COLUMNS FROM `tb_order_tmp` [ RunTime:0.0006s ]
SQL: SELECT * FROM `tb_order_tmp` WHERE `id` = 45 LIMIT 1   [ RunTime:0.0007s ]
NOTIC: [2048] Declaration of Api\Model\GoodsModel::getList() should be compatible with Api\Model\BaseModel::getList($where = Array, $offset = 0, $limit = 20) F:\www\Zt\Dbshop\Application\Api\Model\GoodsModel.class.php 第 12 行.
SQL: SHOW COLUMNS FROM `tb_goods` [ RunTime:0.0007s ]
SQL: SELECT * FROM `tb_goods` WHERE `id` = 7 LIMIT 1   [ RunTime:0.0004s ]
SQL: SELECT * FROM `tb_goods` WHERE `id` = 1 LIMIT 1   [ RunTime:0.0002s ]
SQL: SHOW COLUMNS FROM `tb_address` [ RunTime:0.0006s ]
SQL: SELECT * FROM `tb_address` WHERE `user_id` = null LIMIT 0,20   [ RunTime:0.0002s ]
NOTIC: [8] Undefined index: goodsId F:\www\Zt\Dbshop\Application\Api\Controller\OrderController.class.php 第 85 行.

[ 2018-06-06T11:10:15+08:00 ] 192.168.199.115 /index.php/Api/goods/info?id=1
INFO: [ app_init ] --START--
INFO: Run Behavior\BuildLiteBehavior [ RunTime:0.000020s ]
INFO: [ app_init ] --END-- [ RunTime:0.000329s ]
INFO: [ app_begin ] --START--
INFO: Run Behavior\ReadHtmlCacheBehavior [ RunTime:0.000414s ]
INFO: [ app_begin ] --END-- [ RunTime:0.000514s ]
NOTIC: [8] A session had already been started - ignoring session_start() F:\www\Zt\Dbshop\ThinkPHP\Common\functions.php 第 1263 行.
NOTIC: [2048] Declaration of Api\Model\GoodsModel::getList() should be compatible with Api\Model\BaseModel::getList($where = Array, $offset = 0, $limit = 20) F:\www\Zt\Dbshop\Application\Api\Model\GoodsModel.class.php 第 4 行.
SQL: SHOW COLUMNS FROM `tb_goods` [ RunTime:0.0005s ]
SQL: SELECT * FROM `tb_goods` WHERE `id` = 1 LIMIT 1   [ RunTime:0.0003s ]

[ 2018-06-06T11:10:21+08:00 ] 192.168.199.115 /index.php/Api/goods/info?id=1
INFO: [ app_init ] --START--
INFO: Run Behavior\BuildLiteBehavior [ RunTime:0.000033s ]
INFO: [ app_init ] --END-- [ RunTime:0.000391s ]
INFO: [ app_begin ] --START--
INFO: Run Behavior\ReadHtmlCacheBehavior [ RunTime:0.000320s ]
INFO: [ app_begin ] --END-- [ RunTime:0.000415s ]
NOTIC: [8] A session had already been started - ignoring session_start() F:\www\Zt\Dbshop\ThinkPHP\Common\functions.php 第 1263 行.
NOTIC: [2048] Declaration of Api\Model\GoodsModel::getList() should be compatible with Api\Model\BaseModel::getList($where = Array, $offset = 0, $limit = 20) F:\www\Zt\Dbshop\Application\Api\Model\GoodsModel.class.php 第 4 行.
SQL: SHOW COLUMNS FROM `tb_goods` [ RunTime:0.0006s ]
SQL: SELECT * FROM `tb_goods` WHERE `id` = 1 LIMIT 1   [ RunTime:0.0002s ]

[ 2018-06-06T11:10:21+08:00 ] 192.168.199.115 /index.php/Api/goods/info?id=1
INFO: [ app_init ] --START--
INFO: Run Behavior\BuildLiteBehavior [ RunTime:0.000032s ]
INFO: [ app_init ] --END-- [ RunTime:0.000383s ]
INFO: [ app_begin ] --START--
INFO: Run Behavior\ReadHtmlCacheBehavior [ RunTime:0.000332s ]
INFO: [ app_begin ] --END-- [ RunTime:0.000445s ]
NOTIC: [8] A session had already been started - ignoring session_start() F:\www\Zt\Dbshop\ThinkPHP\Common\functions.php 第 1263 行.
NOTIC: [2048] Declaration of Api\Model\GoodsModel::getList() should be compatible with Api\Model\BaseModel::getList($where = Array, $offset = 0, $limit = 20) F:\www\Zt\Dbshop\Application\Api\Model\GoodsModel.class.php 第 4 行.
SQL: SHOW COLUMNS FROM `tb_goods` [ RunTime:0.0006s ]
SQL: SELECT * FROM `tb_goods` WHERE `id` = 1 LIMIT 1   [ RunTime:0.0003s ]

[ 2018-06-06T11:10:51+08:00 ] 127.0.0.1 /index.php/Api/order/confirmorder?oid=45
INFO: [ app_init ] --START--
INFO: Run Behavior\BuildLiteBehavior [ RunTime:0.000023s ]
INFO: [ app_init ] --END-- [ RunTime:0.000371s ]
INFO: [ app_begin ] --START--
INFO: Run Behavior\ReadHtmlCacheBehavior [ RunTime:0.000385s ]
INFO: [ app_begin ] --END-- [ RunTime:0.000495s ]
NOTIC: [8] A session had already been started - ignoring session_start() F:\www\Zt\Dbshop\ThinkPHP\Common\functions.php 第 1263 行.
SQL: SHOW COLUMNS FROM `tb_order_tmp` [ RunTime:0.0005s ]
SQL: SELECT * FROM `tb_order_tmp` WHERE `id` = 45 LIMIT 1   [ RunTime:0.0010s ]
NOTIC: [2048] Declaration of Api\Model\GoodsModel::getList() should be compatible with Api\Model\BaseModel::getList($where = Array, $offset = 0, $limit = 20) F:\www\Zt\Dbshop\Application\Api\Model\GoodsModel.class.php 第 12 行.
SQL: SHOW COLUMNS FROM `tb_goods` [ RunTime:0.0009s ]
SQL: SELECT * FROM `tb_goods` WHERE `id` = 7 LIMIT 1   [ RunTime:0.0004s ]
SQL: SELECT * FROM `tb_goods` WHERE `id` = 1 LIMIT 1   [ RunTime:0.0002s ]
SQL: SHOW COLUMNS FROM `tb_address` [ RunTime:0.0013s ]
SQL: SELECT * FROM `tb_address` WHERE `user_id` = null LIMIT 0,20   [ RunTime:0.0002s ]
NOTIC: [8] Undefined index: goodsId F:\www\Zt\Dbshop\Application\Api\Controller\OrderController.class.php 第 85 行.

[ 2018-06-06T11:10:55+08:00 ] 192.168.199.115 /index.php/Api/goods/info?id=1
INFO: [ app_init ] --START--
INFO: Run Behavior\BuildLiteBehavior [ RunTime:0.000017s ]
INFO: [ app_init ] --END-- [ RunTime:0.000333s ]
INFO: [ app_begin ] --START--
INFO: Run Behavior\ReadHtmlCacheBehavior [ RunTime:0.000331s ]
INFO: [ app_begin ] --END-- [ RunTime:0.000433s ]
NOTIC: [8] A session had already been started - ignoring session_start() F:\www\Zt\Dbshop\ThinkPHP\Common\functions.php 第 1263 行.
NOTIC: [2048] Declaration of Api\Model\GoodsModel::getList() should be compatible with Api\Model\BaseModel::getList($where = Array, $offset = 0, $limit = 20) F:\www\Zt\Dbshop\Application\Api\Model\GoodsModel.class.php 第 4 行.
SQL: SHOW COLUMNS FROM `tb_goods` [ RunTime:0.0006s ]
SQL: SELECT * FROM `tb_goods` WHERE `id` = 1 LIMIT 1   [ RunTime:0.0003s ]

[ 2018-06-06T11:11:06+08:00 ] 192.168.199.115 /index.php/Api/goods/info?id=1
INFO: [ app_init ] --START--
INFO: Run Behavior\BuildLiteBehavior [ RunTime:0.000018s ]
INFO: [ app_init ] --END-- [ RunTime:0.000311s ]
INFO: [ app_begin ] --START--
INFO: Run Behavior\ReadHtmlCacheBehavior [ RunTime:0.000347s ]
INFO: [ app_begin ] --END-- [ RunTime:0.000440s ]
NOTIC: [8] A session had already been started - ignoring session_start() F:\www\Zt\Dbshop\ThinkPHP\Common\functions.php 第 1263 行.
NOTIC: [2048] Declaration of Api\Model\GoodsModel::getList() should be compatible with Api\Model\BaseModel::getList($where = Array, $offset = 0, $limit = 20) F:\www\Zt\Dbshop\Application\Api\Model\GoodsModel.class.php 第 4 行.
SQL: SHOW COLUMNS FROM `tb_goods` [ RunTime:0.0006s ]
SQL: SELECT * FROM `tb_goods` WHERE `id` = 1 LIMIT 1   [ RunTime:0.0003s ]

[ 2018-06-06T11:11:07+08:00 ] 192.168.199.115 /index.php/Api/goods/info?id=1
INFO: [ app_init ] --START--
INFO: Run Behavior\BuildLiteBehavior [ RunTime:0.000045s ]
INFO: [ app_init ] --END-- [ RunTime:0.000408s ]
INFO: [ app_begin ] --START--
INFO: Run Behavior\ReadHtmlCacheBehavior [ RunTime:0.000492s ]
INFO: [ app_begin ] --END-- [ RunTime:0.000586s ]
NOTIC: [8] A session had already been started - ignoring session_start() F:\www\Zt\Dbshop\ThinkPHP\Common\functions.php 第 1263 行.
NOTIC: [2048] Declaration of Api\Model\GoodsModel::getList() should be compatible with Api\Model\BaseModel::getList($where = Array, $offset = 0, $limit = 20) F:\www\Zt\Dbshop\Application\Api\Model\GoodsModel.class.php 第 4 行.
SQL: SHOW COLUMNS FROM `tb_goods` [ RunTime:0.0006s ]
SQL: SELECT * FROM `tb_goods` WHERE `id` = 1 LIMIT 1   [ RunTime:0.0003s ]

[ 2018-06-06T11:11:12+08:00 ] 192.168.199.115 /index.php/Api/goods/info?id=1
INFO: [ app_init ] --START--
INFO: Run Behavior\BuildLiteBehavior [ RunTime:0.000017s ]
INFO: [ app_init ] --END-- [ RunTime:0.000313s ]
INFO: [ app_begin ] --START--
INFO: Run Behavior\ReadHtmlCacheBehavior [ RunTime:0.000351s ]
INFO: [ app_begin ] --END-- [ RunTime:0.000445s ]
NOTIC: [8] A session had already been started - ignoring session_start() F:\www\Zt\Dbshop\ThinkPHP\Common\functions.php 第 1263 行.
NOTIC: [2048] Declaration of Api\Model\GoodsModel::getList() should be compatible with Api\Model\BaseModel::getList($where = Array, $offset = 0, $limit = 20) F:\www\Zt\Dbshop\Application\Api\Model\GoodsModel.class.php 第 4 行.
SQL: SHOW COLUMNS FROM `tb_goods` [ RunTime:0.0006s ]
SQL: SELECT * FROM `tb_goods` WHERE `id` = 1 LIMIT 1   [ RunTime:0.0003s ]

[ 2018-06-06T11:11:19+08:00 ] 127.0.0.1 /index.php/Api/order/confirmorder?oid=45
INFO: [ app_init ] --START--
INFO: Run Behavior\BuildLiteBehavior [ RunTime:0.000022s ]
INFO: [ app_init ] --END-- [ RunTime:0.000362s ]
INFO: [ app_begin ] --START--
INFO: Run Behavior\ReadHtmlCacheBehavior [ RunTime:0.000379s ]
INFO: [ app_begin ] --END-- [ RunTime:0.000486s ]
NOTIC: [8] A session had already been started - ignoring session_start() F:\www\Zt\Dbshop\ThinkPHP\Common\functions.php 第 1263 行.
SQL: SHOW COLUMNS FROM `tb_order_tmp` [ RunTime:0.0004s ]
SQL: SELECT * FROM `tb_order_tmp` WHERE `id` = 45 LIMIT 1   [ RunTime:0.0003s ]
NOTIC: [2048] Declaration of Api\Model\GoodsModel::getList() should be compatible with Api\Model\BaseModel::getList($where = Array, $offset = 0, $limit = 20) F:\www\Zt\Dbshop\Application\Api\Model\GoodsModel.class.php 第 12 行.
SQL: SHOW COLUMNS FROM `tb_goods` [ RunTime:0.0007s ]
SQL: SELECT * FROM `tb_goods` WHERE `id` = 7 LIMIT 1   [ RunTime:0.0003s ]
SQL: SELECT * FROM `tb_goods` WHERE `id` = 1 LIMIT 1   [ RunTime:0.0002s ]
SQL: SHOW COLUMNS FROM `tb_address` [ RunTime:0.0006s ]
SQL: SELECT * FROM `tb_address` WHERE `user_id` = null LIMIT 0,20   [ RunTime:0.0003s ]

[ 2018-06-06T11:11:47+08:00 ] 127.0.0.1 /index.php/Api/order/confirmorder?oid=45
INFO: [ app_init ] --START--
INFO: Run Behavior\BuildLiteBehavior [ RunTime:0.000019s ]
INFO: [ app_init ] --END-- [ RunTime:0.000319s ]
INFO: [ app_begin ] --START--
INFO: Run Behavior\ReadHtmlCacheBehavior [ RunTime:0.000384s ]
INFO: [ app_begin ] --END-- [ RunTime:0.000482s ]
NOTIC: [8] A session had already been started - ignoring session_start() F:\www\Zt\Dbshop\ThinkPHP\Common\functions.php 第 1263 行.
SQL: SHOW COLUMNS FROM `tb_order_tmp` [ RunTime:0.0007s ]
SQL: SELECT * FROM `tb_order_tmp` WHERE `id` = 45 LIMIT 1   [ RunTime:0.0003s ]
NOTIC: [2048] Declaration of Api\Model\GoodsModel::getList() should be compatible with Api\Model\BaseModel::getList($where = Array, $offset = 0, $limit = 20) F:\www\Zt\Dbshop\Application\Api\Model\GoodsModel.class.php 第 12 行.
SQL: SHOW COLUMNS FROM `tb_goods` [ RunTime:0.0004s ]
SQL: SELECT * FROM `tb_goods` WHERE `id` = 7 LIMIT 1   [ RunTime:0.0003s ]
NOTIC: [8] Undefined index: goodsId F:\www\Zt\Dbshop\Application\Api\Controller\OrderController.class.php 第 82 行.
NOTIC: [8] Undefined index: goods_name F:\www\Zt\Dbshop\Application\Api\Controller\OrderController.class.php 第 83 行.
NOTIC: [8] Undefined index: image F:\www\Zt\Dbshop\Application\Api\Controller\OrderController.class.php 第 84 行.
NOTIC: [8] Undefined index: goods_info F:\www\Zt\Dbshop\Application\Api\Controller\OrderController.class.php 第 85 行.
NOTIC: [8] Undefined index: price F:\www\Zt\Dbshop\Application\Api\Controller\OrderController.class.php 第 86 行.
SQL: SHOW COLUMNS FROM `tb_tags` [ RunTime:0.0004s ]
NOTIC: [8] Undefined index: tag_id F:\www\Zt\Dbshop\Application\Api\Controller\OrderController.class.php 第 87 行.
SQL: SELECT * FROM `tb_tags` WHERE `id` = null LIMIT 1   [ RunTime:0.0003s ]
NOTIC: [8] Undefined index: count F:\www\Zt\Dbshop\Application\Api\Controller\OrderController.class.php 第 88 行.
SQL: SELECT * FROM `tb_goods` WHERE `id` = 1 LIMIT 1   [ RunTime:0.0003s ]
NOTIC: [8] Undefined index: goodsId F:\www\Zt\Dbshop\Application\Api\Controller\OrderController.class.php 第 82 行.
NOTIC: [8] Undefined index: goods_name F:\www\Zt\Dbshop\Application\Api\Controller\OrderController.class.php 第 83 行.
NOTIC: [8] Undefined index: image F:\www\Zt\Dbshop\Application\Api\Controller\OrderController.class.php 第 84 行.
NOTIC: [8] Undefined index: goods_info F:\www\Zt\Dbshop\Application\Api\Controller\OrderController.class.php 第 85 行.
NOTIC: [8] Undefined index: price F:\www\Zt\Dbshop\Application\Api\Controller\OrderController.class.php 第 86 行.
NOTIC: [8] Undefined index: tag_id F:\www\Zt\Dbshop\Application\Api\Controller\OrderController.class.php 第 87 行.
SQL: SELECT * FROM `tb_tags` WHERE `id` = null LIMIT 1   [ RunTime:0.0002s ]
NOTIC: [8] Undefined index: count F:\www\Zt\Dbshop\Application\Api\Controller\OrderController.class.php 第 88 行.
SQL: SHOW COLUMNS FROM `tb_address` [ RunTime:0.0004s ]
SQL: SELECT * FROM `tb_address` WHERE `user_id` = null LIMIT 0,20   [ RunTime:0.0002s ]

[ 2018-06-06T11:11:53+08:00 ] 127.0.0.1 /index.php/Api/order/confirmorder?oid=45
INFO: [ app_init ] --START--
INFO: Run Behavior\BuildLiteBehavior [ RunTime:0.000020s ]
INFO: [ app_init ] --END-- [ RunTime:0.000369s ]
INFO: [ app_begin ] --START--
INFO: Run Behavior\ReadHtmlCacheBehavior [ RunTime:0.000371s ]
INFO: [ app_begin ] --END-- [ RunTime:0.000472s ]
NOTIC: [8] A session had already been started - ignoring session_start() F:\www\Zt\Dbshop\ThinkPHP\Common\functions.php 第 1263 行.
SQL: SHOW COLUMNS FROM `tb_order_tmp` [ RunTime:0.0005s ]
SQL: SELECT * FROM `tb_order_tmp` WHERE `id` = 45 LIMIT 1   [ RunTime:0.0003s ]
NOTIC: [2048] Declaration of Api\Model\GoodsModel::getList() should be compatible with Api\Model\BaseModel::getList($where = Array, $offset = 0, $limit = 20) F:\www\Zt\Dbshop\Application\Api\Model\GoodsModel.class.php 第 12 行.
SQL: SHOW COLUMNS FROM `tb_goods` [ RunTime:0.0005s ]
SQL: SELECT * FROM `tb_goods` WHERE `id` = 7 LIMIT 1   [ RunTime:0.0002s ]
NOTIC: [8] Undefined index: goodsId F:\www\Zt\Dbshop\Application\Api\Controller\OrderController.class.php 第 82 行.
NOTIC: [8] Undefined index: goods_name F:\www\Zt\Dbshop\Application\Api\Controller\OrderController.class.php 第 83 行.
NOTIC: [8] Undefined index: image F:\www\Zt\Dbshop\Application\Api\Controller\OrderController.class.php 第 84 行.
NOTIC: [8] Undefined index: goods_info F:\www\Zt\Dbshop\Application\Api\Controller\OrderController.class.php 第 85 行.
NOTIC: [8] Undefined index: price F:\www\Zt\Dbshop\Application\Api\Controller\OrderController.class.php 第 86 行.
SQL: SHOW COLUMNS FROM `tb_tags` [ RunTime:0.0004s ]
NOTIC: [8] Undefined index: tag_id F:\www\Zt\Dbshop\Application\Api\Controller\OrderController.class.php 第 87 行.
SQL: SELECT * FROM `tb_tags` WHERE `id` = null LIMIT 1   [ RunTime:0.0003s ]
NOTIC: [8] Undefined index: count F:\www\Zt\Dbshop\Application\Api\Controller\OrderController.class.php 第 88 行.
SQL: SELECT * FROM `tb_goods` WHERE `id` = 1 LIMIT 1   [ RunTime:0.0003s ]
NOTIC: [8] Undefined index: goodsId F:\www\Zt\Dbshop\Application\Api\Controller\OrderController.class.php 第 82 行.
NOTIC: [8] Undefined index: goods_name F:\www\Zt\Dbshop\Application\Api\Controller\OrderController.class.php 第 83 行.
NOTIC: [8] Undefined index: image F:\www\Zt\Dbshop\Application\Api\Controller\OrderController.class.php 第 84 行.
NOTIC: [8] Undefined index: goods_info F:\www\Zt\Dbshop\Application\Api\Controller\OrderController.class.php 第 85 行.
NOTIC: [8] Undefined index: price F:\www\Zt\Dbshop\Application\Api\Controller\OrderController.class.php 第 86 行.
NOTIC: [8] Undefined index: tag_id F:\www\Zt\Dbshop\Application\Api\Controller\OrderController.class.php 第 87 行.
SQL: SELECT * FROM `tb_tags` WHERE `id` = null LIMIT 1   [ RunTime:0.0002s ]
NOTIC: [8] Undefined index: count F:\www\Zt\Dbshop\Application\Api\Controller\OrderController.class.php 第 88 行.
SQL: SHOW COLUMNS FROM `tb_address` [ RunTime:0.0004s ]
SQL: SELECT * FROM `tb_address` WHERE `user_id` = null LIMIT 0,20   [ RunTime:0.0003s ]

[ 2018-06-06T11:11:58+08:00 ] 192.168.199.115 /index.php/Api/goods/info?id=1
INFO: [ app_init ] --START--
INFO: Run Behavior\BuildLiteBehavior [ RunTime:0.000021s ]
INFO: [ app_init ] --END-- [ RunTime:0.000547s ]
INFO: [ app_begin ] --START--
INFO: Run Behavior\ReadHtmlCacheBehavior [ RunTime:0.000718s ]
INFO: [ app_begin ] --END-- [ RunTime:0.000844s ]
NOTIC: [8] A session had already been started - ignoring session_start() F:\www\Zt\Dbshop\ThinkPHP\Common\functions.php 第 1263 行.
NOTIC: [2048] Declaration of Api\Model\GoodsModel::getList() should be compatible with Api\Model\BaseModel::getList($where = Array, $offset = 0, $limit = 20) F:\www\Zt\Dbshop\Application\Api\Model\GoodsModel.class.php 第 4 行.
SQL: SHOW COLUMNS FROM `tb_goods` [ RunTime:0.0006s ]
SQL: SELECT * FROM `tb_goods` WHERE `id` = 1 LIMIT 1   [ RunTime:0.0003s ]

[ 2018-06-06T11:12:11+08:00 ] 192.168.199.115 /index.php/Api/goods/info?id=1
INFO: [ app_init ] --START--
INFO: Run Behavior\BuildLiteBehavior [ RunTime:0.000020s ]
INFO: [ app_init ] --END-- [ RunTime:0.002552s ]
INFO: [ app_begin ] --START--
INFO: Run Behavior\ReadHtmlCacheBehavior [ RunTime:0.000362s ]
INFO: [ app_begin ] --END-- [ RunTime:0.000459s ]
NOTIC: [8] A session had already been started - ignoring session_start() F:\www\Zt\Dbshop\ThinkPHP\Common\functions.php 第 1263 行.
NOTIC: [2048] Declaration of Api\Model\GoodsModel::getList() should be compatible with Api\Model\BaseModel::getList($where = Array, $offset = 0, $limit = 20) F:\www\Zt\Dbshop\Application\Api\Model\GoodsModel.class.php 第 4 行.
SQL: SHOW COLUMNS FROM `tb_goods` [ RunTime:0.0006s ]
SQL: SELECT * FROM `tb_goods` WHERE `id` = 1 LIMIT 1   [ RunTime:0.0003s ]

[ 2018-06-06T11:12:23+08:00 ] 127.0.0.1 /index.php/Api/order/confirmorder?oid=45
INFO: [ app_init ] --START--
INFO: Run Behavior\BuildLiteBehavior [ RunTime:0.000023s ]
INFO: [ app_init ] --END-- [ RunTime:0.000380s ]
INFO: [ app_begin ] --START--
INFO: Run Behavior\ReadHtmlCacheBehavior [ RunTime:0.000379s ]
INFO: [ app_begin ] --END-- [ RunTime:0.000494s ]
NOTIC: [8] A session had already been started - ignoring session_start() F:\www\Zt\Dbshop\ThinkPHP\Common\functions.php 第 1263 行.
SQL: SHOW COLUMNS FROM `tb_order_tmp` [ RunTime:0.0004s ]
SQL: SELECT * FROM `tb_order_tmp` WHERE `id` = 45 LIMIT 1   [ RunTime:0.0002s ]
NOTIC: [2048] Declaration of Api\Model\GoodsModel::getList() should be compatible with Api\Model\BaseModel::getList($where = Array, $offset = 0, $limit = 20) F:\www\Zt\Dbshop\Application\Api\Model\GoodsModel.class.php 第 12 行.
SQL: SHOW COLUMNS FROM `tb_goods` [ RunTime:0.0005s ]
SQL: SELECT * FROM `tb_goods` WHERE `id` = 7 LIMIT 1   [ RunTime:0.0002s ]
SQL: SHOW COLUMNS FROM `tb_tags` [ RunTime:0.0004s ]
SQL: SELECT * FROM `tb_tags` WHERE `id` = 2 LIMIT 1   [ RunTime:0.0002s ]
SQL: SELECT * FROM `tb_goods` WHERE `id` = 1 LIMIT 1   [ RunTime:0.0001s ]
SQL: SELECT * FROM `tb_tags` WHERE `id` = 2 LIMIT 1   [ RunTime:0.0001s ]
SQL: SHOW COLUMNS FROM `tb_address` [ RunTime:0.0005s ]
SQL: SELECT * FROM `tb_address` WHERE `user_id` = null LIMIT 0,20   [ RunTime:0.0002s ]

[ 2018-06-06T11:12:54+08:00 ] 127.0.0.1 /index.php/Api/order/confirmorder?oid=45
INFO: [ app_init ] --START--
INFO: Run Behavior\BuildLiteBehavior [ RunTime:0.000047s ]
INFO: [ app_init ] --END-- [ RunTime:0.000371s ]
INFO: [ app_begin ] --START--
INFO: Run Behavior\ReadHtmlCacheBehavior [ RunTime:0.000385s ]
INFO: [ app_begin ] --END-- [ RunTime:0.000508s ]
NOTIC: [8] A session had already been started - ignoring session_start() F:\www\Zt\Dbshop\ThinkPHP\Common\functions.php 第 1263 行.
SQL: SHOW COLUMNS FROM `tb_order_tmp` [ RunTime:0.0005s ]
SQL: SELECT * FROM `tb_order_tmp` WHERE `id` = 45 LIMIT 1   [ RunTime:0.0003s ]
NOTIC: [2048] Declaration of Api\Model\GoodsModel::getList() should be compatible with Api\Model\BaseModel::getList($where = Array, $offset = 0, $limit = 20) F:\www\Zt\Dbshop\Application\Api\Model\GoodsModel.class.php 第 12 行.
SQL: SHOW COLUMNS FROM `tb_goods` [ RunTime:0.0005s ]
SQL: SELECT * FROM `tb_goods` WHERE `id` = 7 LIMIT 1   [ RunTime:0.0003s ]
SQL: SHOW COLUMNS FROM `tb_tags` [ RunTime:0.0004s ]
NOTIC: [8] Undefined variable: tag F:\www\Zt\Dbshop\Application\Api\Controller\OrderController.class.php 第 87 行.
SQL: SELECT * FROM `tb_tags` WHERE `id` = 2 LIMIT 1   [ RunTime:0.0002s ]
SQL: SELECT * FROM `tb_goods` WHERE `id` = 1 LIMIT 1   [ RunTime:0.0003s ]
NOTIC: [8] Undefined variable: tag F:\www\Zt\Dbshop\Application\Api\Controller\OrderController.class.php 第 87 行.
SQL: SELECT * FROM `tb_tags` WHERE `id` = 2 LIMIT 1   [ RunTime:0.0002s ]
SQL: SHOW COLUMNS FROM `tb_address` [ RunTime:0.0005s ]
SQL: SELECT * FROM `tb_address` WHERE `user_id` = null LIMIT 0,20   [ RunTime:0.0002s ]

[ 2018-06-06T11:13:09+08:00 ] 127.0.0.1 /index.php/Api/order/confirmorder?oid=45
INFO: [ app_init ] --START--
INFO: Run Behavior\BuildLiteBehavior [ RunTime:0.000023s ]
INFO: [ app_init ] --END-- [ RunTime:0.000364s ]
INFO: [ app_begin ] --START--
INFO: Run Behavior\ReadHtmlCacheBehavior [ RunTime:0.000385s ]
INFO: [ app_begin ] --END-- [ RunTime:0.000500s ]
NOTIC: [8] A session had already been started - ignoring session_start() F:\www\Zt\Dbshop\ThinkPHP\Common\functions.php 第 1263 行.
SQL: SHOW COLUMNS FROM `tb_order_tmp` [ RunTime:0.0005s ]
SQL: SELECT * FROM `tb_order_tmp` WHERE `id` = 45 LIMIT 1   [ RunTime:0.0002s ]
NOTIC: [2048] Declaration of Api\Model\GoodsModel::getList() should be compatible with Api\Model\BaseModel::getList($where = Array, $offset = 0, $limit = 20) F:\www\Zt\Dbshop\Application\Api\Model\GoodsModel.class.php 第 12 行.
SQL: SHOW COLUMNS FROM `tb_goods` [ RunTime:0.0006s ]
SQL: SELECT * FROM `tb_goods` WHERE `id` = 7 LIMIT 1   [ RunTime:0.0002s ]
SQL: SHOW COLUMNS FROM `tb_tags` [ RunTime:0.0004s ]
SQL: SELECT * FROM `tb_tags` WHERE `id` = 0 LIMIT 1   [ RunTime:0.0002s ]
SQL: SELECT * FROM `tb_goods` WHERE `id` = 1 LIMIT 1   [ RunTime:0.0001s ]
SQL: SELECT * FROM `tb_tags` WHERE `id` = 0 LIMIT 1   [ RunTime:0.0001s ]
SQL: SHOW COLUMNS FROM `tb_address` [ RunTime:0.0005s ]
SQL: SELECT * FROM `tb_address` WHERE `user_id` = null LIMIT 0,20   [ RunTime:0.0002s ]

[ 2018-06-06T11:14:01+08:00 ] 127.0.0.1 /index.php/Api/order/confirmorder?oid=45
INFO: [ app_init ] --START--
INFO: Run Behavior\BuildLiteBehavior [ RunTime:0.000044s ]
INFO: [ app_init ] --END-- [ RunTime:0.000459s ]
INFO: [ app_begin ] --START--
INFO: Run Behavior\ReadHtmlCacheBehavior [ RunTime:0.000483s ]
INFO: [ app_begin ] --END-- [ RunTime:0.000599s ]
NOTIC: [8] A session had already been started - ignoring session_start() F:\www\Zt\Dbshop\ThinkPHP\Common\functions.php 第 1263 行.
SQL: SHOW COLUMNS FROM `tb_order_tmp` [ RunTime:0.0006s ]
SQL: SELECT * FROM `tb_order_tmp` WHERE `id` = 45 LIMIT 1   [ RunTime:0.0003s ]
NOTIC: [2048] Declaration of Api\Model\GoodsModel::getList() should be compatible with Api\Model\BaseModel::getList($where = Array, $offset = 0, $limit = 20) F:\www\Zt\Dbshop\Application\Api\Model\GoodsModel.class.php 第 12 行.
SQL: SHOW COLUMNS FROM `tb_goods` [ RunTime:0.0006s ]
SQL: SELECT * FROM `tb_goods` WHERE `id` = 7 LIMIT 1   [ RunTime:0.0002s ]
SQL: SHOW COLUMNS FROM `tb_tags` [ RunTime:0.0004s ]
SQL: SELECT * FROM `tb_tags` WHERE `id` = 2 LIMIT 1   [ RunTime:0.0002s ]
SQL: SELECT * FROM `tb_goods` WHERE `id` = 1 LIMIT 1   [ RunTime:0.0003s ]
SQL: SELECT * FROM `tb_tags` WHERE `id` = 2 LIMIT 1   [ RunTime:0.0002s ]
SQL: SHOW COLUMNS FROM `tb_address` [ RunTime:0.0011s ]
SQL: SELECT * FROM `tb_address` WHERE `user_id` = null LIMIT 0,20   [ RunTime:0.0003s ]

[ 2018-06-06T11:15:18+08:00 ] 127.0.0.1 /index.php/Api/order/confirmorder?oid=45
INFO: [ app_init ] --START--
INFO: Run Behavior\BuildLiteBehavior [ RunTime:0.000025s ]
INFO: [ app_init ] --END-- [ RunTime:0.000392s ]
INFO: [ app_begin ] --START--
INFO: Run Behavior\ReadHtmlCacheBehavior [ RunTime:0.000370s ]
INFO: [ app_begin ] --END-- [ RunTime:0.000484s ]
NOTIC: [8] A session had already been started - ignoring session_start() F:\www\Zt\Dbshop\ThinkPHP\Common\functions.php 第 1263 行.
SQL: SHOW COLUMNS FROM `tb_order_tmp` [ RunTime:0.0005s ]
SQL: SELECT * FROM `tb_order_tmp` WHERE `id` = 45 LIMIT 1   [ RunTime:0.0002s ]
NOTIC: [2048] Declaration of Api\Model\GoodsModel::getList() should be compatible with Api\Model\BaseModel::getList($where = Array, $offset = 0, $limit = 20) F:\www\Zt\Dbshop\Application\Api\Model\GoodsModel.class.php 第 12 行.
SQL: SHOW COLUMNS FROM `tb_goods` [ RunTime:0.0004s ]
SQL: SELECT * FROM `tb_goods` WHERE `id` = 7 LIMIT 1   [ RunTime:0.0002s ]
SQL: SHOW COLUMNS FROM `tb_tags` [ RunTime:0.0003s ]
SQL: SELECT * FROM `tb_tags` WHERE `id` = 2 LIMIT 1   [ RunTime:0.0002s ]
SQL: SELECT * FROM `tb_goods` WHERE `id` = 1 LIMIT 1   [ RunTime:0.0002s ]
SQL: SELECT * FROM `tb_tags` WHERE `id` = 2 LIMIT 1   [ RunTime:0.0001s ]
SQL: SHOW COLUMNS FROM `tb_address` [ RunTime:0.0004s ]
SQL: SELECT * FROM `tb_address` WHERE `user_id` = null LIMIT 0,20   [ RunTime:0.0003s ]

[ 2018-06-06T11:15:30+08:00 ] 127.0.0.1 /index.php/Api/order/confirmorder?oid=45
INFO: [ app_init ] --START--
INFO: Run Behavior\BuildLiteBehavior [ RunTime:0.000022s ]
INFO: [ app_init ] --END-- [ RunTime:0.000362s ]
INFO: [ app_begin ] --START--
INFO: Run Behavior\ReadHtmlCacheBehavior [ RunTime:0.000395s ]
INFO: [ app_begin ] --END-- [ RunTime:0.000512s ]
NOTIC: [8] A session had already been started - ignoring session_start() F:\www\Zt\Dbshop\ThinkPHP\Common\functions.php 第 1263 行.
SQL: SHOW COLUMNS FROM `tb_order_tmp` [ RunTime:0.0005s ]
SQL: SELECT * FROM `tb_order_tmp` WHERE `id` = 45 LIMIT 1   [ RunTime:0.0004s ]
NOTIC: [2048] Declaration of Api\Model\GoodsModel::getList() should be compatible with Api\Model\BaseModel::getList($where = Array, $offset = 0, $limit = 20) F:\www\Zt\Dbshop\Application\Api\Model\GoodsModel.class.php 第 12 行.
SQL: SHOW COLUMNS FROM `tb_goods` [ RunTime:0.0007s ]
SQL: SELECT * FROM `tb_goods` WHERE `id` = 7 LIMIT 1   [ RunTime:0.0003s ]
SQL: SHOW COLUMNS FROM `tb_tags` [ RunTime:0.0006s ]
SQL: SELECT * FROM `tb_tags` WHERE `id` = 2 LIMIT 1   [ RunTime:0.0004s ]
SQL: SELECT * FROM `tb_goods` WHERE `id` = 1 LIMIT 1   [ RunTime:0.0004s ]
SQL: SELECT * FROM `tb_tags` WHERE `id` = 2 LIMIT 1   [ RunTime:0.0003s ]
SQL: SHOW COLUMNS FROM `tb_address` [ RunTime:0.0006s ]
SQL: SELECT * FROM `tb_address` WHERE `user_id` = null LIMIT 0,20   [ RunTime:0.0003s ]

[ 2018-06-06T11:16:26+08:00 ] 127.0.0.1 /index.php/Api/order/confirmorder?oid=45&id=1
INFO: [ app_init ] --START--
INFO: Run Behavior\BuildLiteBehavior [ RunTime:0.000031s ]
INFO: [ app_init ] --END-- [ RunTime:0.000439s ]
INFO: [ app_begin ] --START--
INFO: Run Behavior\ReadHtmlCacheBehavior [ RunTime:0.000675s ]
INFO: [ app_begin ] --END-- [ RunTime:0.000854s ]
NOTIC: [8] A session had already been started - ignoring session_start() F:\www\Zt\Dbshop\ThinkPHP\Common\functions.php 第 1263 行.
SQL: SHOW COLUMNS FROM `tb_order_tmp` [ RunTime:0.0005s ]
SQL: SELECT * FROM `tb_order_tmp` WHERE `id` = 45 LIMIT 1   [ RunTime:0.0003s ]
NOTIC: [2048] Declaration of Api\Model\GoodsModel::getList() should be compatible with Api\Model\BaseModel::getList($where = Array, $offset = 0, $limit = 20) F:\www\Zt\Dbshop\Application\Api\Model\GoodsModel.class.php 第 12 行.
SQL: SHOW COLUMNS FROM `tb_goods` [ RunTime:0.0006s ]
SQL: SELECT * FROM `tb_goods` WHERE `id` = 7 LIMIT 1   [ RunTime:0.0003s ]
SQL: SHOW COLUMNS FROM `tb_tags` [ RunTime:0.0005s ]
SQL: SELECT * FROM `tb_tags` WHERE `id` = 2 LIMIT 1   [ RunTime:0.0002s ]
SQL: SELECT * FROM `tb_goods` WHERE `id` = 1 LIMIT 1   [ RunTime:0.0002s ]
SQL: SELECT * FROM `tb_tags` WHERE `id` = 2 LIMIT 1   [ RunTime:0.0002s ]
SQL: SHOW COLUMNS FROM `tb_address` [ RunTime:0.0005s ]
SQL: SELECT * FROM `tb_address` WHERE `user_id` = 1 LIMIT 0,20   [ RunTime:0.0002s ]

[ 2018-06-06T11:16:31+08:00 ] 127.0.0.1 /index.php/Api/order/confirmorder?oid=45&id=1
INFO: [ app_init ] --START--
INFO: Run Behavior\BuildLiteBehavior [ RunTime:0.000020s ]
INFO: [ app_init ] --END-- [ RunTime:0.000342s ]
INFO: [ app_begin ] --START--
INFO: Run Behavior\ReadHtmlCacheBehavior [ RunTime:0.005353s ]
INFO: [ app_begin ] --END-- [ RunTime:0.005566s ]
NOTIC: [8] A session had already been started - ignoring session_start() F:\www\Zt\Dbshop\ThinkPHP\Common\functions.php 第 1263 行.
SQL: SHOW COLUMNS FROM `tb_order_tmp` [ RunTime:0.0005s ]
SQL: SELECT * FROM `tb_order_tmp` WHERE `id` = 45 LIMIT 1   [ RunTime:0.0003s ]
NOTIC: [2048] Declaration of Api\Model\GoodsModel::getList() should be compatible with Api\Model\BaseModel::getList($where = Array, $offset = 0, $limit = 20) F:\www\Zt\Dbshop\Application\Api\Model\GoodsModel.class.php 第 12 行.
SQL: SHOW COLUMNS FROM `tb_goods` [ RunTime:0.0005s ]
SQL: SELECT * FROM `tb_goods` WHERE `id` = 7 LIMIT 1   [ RunTime:0.0003s ]
SQL: SHOW COLUMNS FROM `tb_tags` [ RunTime:0.0010s ]
SQL: SELECT * FROM `tb_tags` WHERE `id` = 2 LIMIT 1   [ RunTime:0.0004s ]
SQL: SELECT * FROM `tb_goods` WHERE `id` = 1 LIMIT 1   [ RunTime:0.0002s ]
SQL: SELECT * FROM `tb_tags` WHERE `id` = 2 LIMIT 1   [ RunTime:0.0001s ]
SQL: SHOW COLUMNS FROM `tb_address` [ RunTime:0.0004s ]
SQL: SELECT * FROM `tb_address` WHERE `user_id` = 1 LIMIT 0,20   [ RunTime:0.0002s ]

[ 2018-06-06T11:17:54+08:00 ] 127.0.0.1 /index.php/Api/order/confirmorder?oid=45&id=1
INFO: [ app_init ] --START--
INFO: Run Behavior\BuildLiteBehavior [ RunTime:0.000034s ]
INFO: [ app_init ] --END-- [ RunTime:0.000374s ]
INFO: [ app_begin ] --START--
INFO: Run Behavior\ReadHtmlCacheBehavior [ RunTime:0.000350s ]
INFO: [ app_begin ] --END-- [ RunTime:0.000487s ]
NOTIC: [8] A session had already been started - ignoring session_start() F:\www\Zt\Dbshop\ThinkPHP\Common\functions.php 第 1263 行.
SQL: SHOW COLUMNS FROM `tb_order_tmp` [ RunTime:0.0006s ]
SQL: SELECT * FROM `tb_order_tmp` WHERE `id` = 45 LIMIT 1   [ RunTime:0.0002s ]
NOTIC: [2048] Declaration of Api\Model\GoodsModel::getList() should be compatible with Api\Model\BaseModel::getList($where = Array, $offset = 0, $limit = 20) F:\www\Zt\Dbshop\Application\Api\Model\GoodsModel.class.php 第 12 行.
SQL: SHOW COLUMNS FROM `tb_goods` [ RunTime:0.0007s ]
SQL: SELECT * FROM `tb_goods` WHERE `id` = 7 LIMIT 1   [ RunTime:0.0003s ]
SQL: SHOW COLUMNS FROM `tb_tags` [ RunTime:0.0005s ]
SQL: SELECT * FROM `tb_tags` WHERE `id` = 2 LIMIT 1   [ RunTime:0.0002s ]
SQL: SELECT * FROM `tb_goods` WHERE `id` = 1 LIMIT 1   [ RunTime:0.0002s ]
SQL: SELECT * FROM `tb_tags` WHERE `id` = 2 LIMIT 1   [ RunTime:0.0002s ]
SQL: SHOW COLUMNS FROM `tb_address` [ RunTime:0.0005s ]
SQL: SELECT * FROM `tb_address` WHERE `user_id` = 1 LIMIT 0,20   [ RunTime:0.0003s ]

[ 2018-06-06T11:18:27+08:00 ] 127.0.0.1 /index.php/Api/order/confirmorder?oid=45&id=1
INFO: [ app_init ] --START--
INFO: Run Behavior\BuildLiteBehavior [ RunTime:0.000023s ]
INFO: [ app_init ] --END-- [ RunTime:0.000417s ]
INFO: [ app_begin ] --START--
INFO: Run Behavior\ReadHtmlCacheBehavior [ RunTime:0.000586s ]
INFO: [ app_begin ] --END-- [ RunTime:0.000737s ]
NOTIC: [8] A session had already been started - ignoring session_start() F:\www\Zt\Dbshop\ThinkPHP\Common\functions.php 第 1263 行.
SQL: SHOW COLUMNS FROM `tb_order_tmp` [ RunTime:0.0004s ]
SQL: SELECT * FROM `tb_order_tmp` WHERE `id` = 45 LIMIT 1   [ RunTime:0.0002s ]
NOTIC: [2048] Declaration of Api\Model\GoodsModel::getList() should be compatible with Api\Model\BaseModel::getList($where = Array, $offset = 0, $limit = 20) F:\www\Zt\Dbshop\Application\Api\Model\GoodsModel.class.php 第 12 行.
SQL: SHOW COLUMNS FROM `tb_goods` [ RunTime:0.0004s ]
SQL: SELECT * FROM `tb_goods` WHERE `id` = 7 LIMIT 1   [ RunTime:0.0002s ]
SQL: SHOW COLUMNS FROM `tb_tags` [ RunTime:0.0010s ]
SQL: SELECT * FROM `tb_tags` WHERE `id` = 2 LIMIT 1   [ RunTime:0.0002s ]
SQL: SELECT * FROM `tb_goods` WHERE `id` = 1 LIMIT 1   [ RunTime:0.0002s ]
SQL: SELECT * FROM `tb_tags` WHERE `id` = 2 LIMIT 1   [ RunTime:0.0002s ]
SQL: SHOW COLUMNS FROM `tb_address` [ RunTime:0.0005s ]
SQL: SELECT * FROM `tb_address` WHERE `user_id` = null LIMIT 0,20   [ RunTime:0.0002s ]

[ 2018-06-06T11:26:37+08:00 ] 127.0.0.1 /index.php/Api/cart/edit
INFO: [ app_init ] --START--
INFO: Run Behavior\BuildLiteBehavior [ RunTime:0.000022s ]
INFO: [ app_init ] --END-- [ RunTime:0.000524s ]
INFO: [ app_begin ] --START--
INFO: Run Behavior\ReadHtmlCacheBehavior [ RunTime:0.000507s ]
INFO: [ app_begin ] --END-- [ RunTime:0.000624s ]
NOTIC: [8] A session had already been started - ignoring session_start() F:\www\Zt\Dbshop\ThinkPHP\Common\functions.php 第 1263 行.

[ 2018-06-06T11:27:06+08:00 ] 127.0.0.1 /index.php/Api/cart/edit
INFO: [ app_init ] --START--
INFO: Run Behavior\BuildLiteBehavior [ RunTime:0.000041s ]
INFO: [ app_init ] --END-- [ RunTime:0.001509s ]
INFO: [ app_begin ] --START--
INFO: Run Behavior\ReadHtmlCacheBehavior [ RunTime:0.000440s ]
INFO: [ app_begin ] --END-- [ RunTime:0.000560s ]
NOTIC: [8] A session had already been started - ignoring session_start() F:\www\Zt\Dbshop\ThinkPHP\Common\functions.php 第 1263 行.

[ 2018-06-06T11:27:21+08:00 ] 127.0.0.1 /index.php/Api/cart/edit
INFO: [ app_init ] --START--
INFO: Run Behavior\BuildLiteBehavior [ RunTime:0.000024s ]
INFO: [ app_init ] --END-- [ RunTime:0.000388s ]
INFO: [ app_begin ] --START--
INFO: Run Behavior\ReadHtmlCacheBehavior [ RunTime:0.000522s ]
INFO: [ app_begin ] --END-- [ RunTime:0.000649s ]
NOTIC: [8] A session had already been started - ignoring session_start() F:\www\Zt\Dbshop\ThinkPHP\Common\functions.php 第 1263 行.

[ 2018-06-06T11:27:26+08:00 ] 127.0.0.1 /index.php/Api/cart/edit
INFO: [ app_init ] --START--
INFO: Run Behavior\BuildLiteBehavior [ RunTime:0.000026s ]
INFO: [ app_init ] --END-- [ RunTime:0.000370s ]
INFO: [ app_begin ] --START--
INFO: Run Behavior\ReadHtmlCacheBehavior [ RunTime:0.000407s ]
INFO: [ app_begin ] --END-- [ RunTime:0.000524s ]
NOTIC: [8] A session had already been started - ignoring session_start() F:\www\Zt\Dbshop\ThinkPHP\Common\functions.php 第 1263 行.

[ 2018-06-06T11:27:38+08:00 ] 127.0.0.1 /index.php/Api/cart/edit
INFO: [ app_init ] --START--
INFO: Run Behavior\BuildLiteBehavior [ RunTime:0.000024s ]
INFO: [ app_init ] --END-- [ RunTime:0.014809s ]
INFO: [ app_begin ] --START--
INFO: Run Behavior\ReadHtmlCacheBehavior [ RunTime:0.000374s ]
INFO: [ app_begin ] --END-- [ RunTime:0.000477s ]
NOTIC: [8] A session had already been started - ignoring session_start() F:\www\Zt\Dbshop\ThinkPHP\Common\functions.php 第 1263 行.
NOTIC: [2048] Declaration of Api\Model\CartModel::getList() should be compatible with Api\Model\BaseModel::getList($where = Array, $offset = 0, $limit = 20) F:\www\Zt\Dbshop\Application\Api\Model\CartModel.class.php 第 4 行.
SQL: SHOW COLUMNS FROM `tb_cart` [ RunTime:0.0006s ]
SQL: SELECT * FROM `tb_cart` WHERE `id` = 29 LIMIT 1   [ RunTime:0.0004s ]

[ 2018-06-06T11:29:50+08:00 ] 127.0.0.1 /index.php/Api/cart/edit
INFO: [ app_init ] --START--
INFO: Run Behavior\BuildLiteBehavior [ RunTime:0.000020s ]
INFO: [ app_init ] --END-- [ RunTime:0.000392s ]
INFO: [ app_begin ] --START--
INFO: Run Behavior\ReadHtmlCacheBehavior [ RunTime:0.000475s ]
INFO: [ app_begin ] --END-- [ RunTime:0.000597s ]
NOTIC: [8] A session had already been started - ignoring session_start() F:\www\Zt\Dbshop\ThinkPHP\Common\functions.php 第 1263 行.
NOTIC: [2048] Declaration of Api\Model\CartModel::getList() should be compatible with Api\Model\BaseModel::getList($where = Array, $offset = 0, $limit = 20) F:\www\Zt\Dbshop\Application\Api\Model\CartModel.class.php 第 4 行.
SQL: SHOW COLUMNS FROM `tb_cart` [ RunTime:0.0004s ]
SQL: SELECT * FROM `tb_cart` WHERE `id` = 29 LIMIT 1   [ RunTime:0.0002s ]
NOTIC: [8] Undefined index: count F:\www\Zt\Dbshop\Application\Api\Controller\CartController.class.php 第 95 行.
SQL: UPDATE `tb_cart` SET `id`='29',`goods_id`='7',`user_id`='1',`goods_num`='2',`goods_price`='69',`status`='1',`createtime`='2018-06-03 10:32:29',`updatetime`='2018-06-03 10:32:29',`image`='./Uploads/2018-05-26/5b09048eb07d6.jpg',`goods_name`='书包' WHERE `id` = 29 [ RunTime:0.0016s ]

[ 2018-06-06T11:30:23+08:00 ] 127.0.0.1 /index.php/Api/cart/edit
INFO: [ app_init ] --START--
INFO: Run Behavior\BuildLiteBehavior [ RunTime:0.000019s ]
INFO: [ app_init ] --END-- [ RunTime:0.000372s ]
INFO: [ app_begin ] --START--
INFO: Run Behavior\ReadHtmlCacheBehavior [ RunTime:0.000374s ]
INFO: [ app_begin ] --END-- [ RunTime:0.000476s ]
NOTIC: [8] A session had already been started - ignoring session_start() F:\www\Zt\Dbshop\ThinkPHP\Common\functions.php 第 1263 行.
NOTIC: [2048] Declaration of Api\Model\CartModel::getList() should be compatible with Api\Model\BaseModel::getList($where = Array, $offset = 0, $limit = 20) F:\www\Zt\Dbshop\Application\Api\Model\CartModel.class.php 第 4 行.
SQL: SHOW COLUMNS FROM `tb_cart` [ RunTime:0.0012s ]
SQL: SELECT * FROM `tb_cart` WHERE `id` = 14 LIMIT 1   [ RunTime:0.0002s ]
NOTIC: [8] Undefined index: count F:\www\Zt\Dbshop\Application\Api\Controller\CartController.class.php 第 95 行.
SQL: UPDATE `tb_cart` SET `id`='14',`goods_id`='5',`user_id`='1',`goods_num`='111',`goods_price`='50',`status`='1',`createtime`='2018-06-03 10:11:49',`updatetime`='2018-06-03 10:11:49',`image`='./Uploads/2018-05-24/5b06837350b9a.jpg',`goods_name`='wanfan' WHERE `id` = 14 [ RunTime:0.0030s ]

[ 2018-06-06T11:30:33+08:00 ] 127.0.0.1 /index.php/Api/cart/edit
INFO: [ app_init ] --START--
INFO: Run Behavior\BuildLiteBehavior [ RunTime:0.000025s ]
INFO: [ app_init ] --END-- [ RunTime:0.000386s ]
INFO: [ app_begin ] --START--
INFO: Run Behavior\ReadHtmlCacheBehavior [ RunTime:0.000368s ]
INFO: [ app_begin ] --END-- [ RunTime:0.000479s ]
NOTIC: [8] A session had already been started - ignoring session_start() F:\www\Zt\Dbshop\ThinkPHP\Common\functions.php 第 1263 行.
NOTIC: [2048] Declaration of Api\Model\CartModel::getList() should be compatible with Api\Model\BaseModel::getList($where = Array, $offset = 0, $limit = 20) F:\www\Zt\Dbshop\Application\Api\Model\CartModel.class.php 第 4 行.
SQL: SHOW COLUMNS FROM `tb_cart` [ RunTime:0.0010s ]
SQL: SELECT * FROM `tb_cart` WHERE `id` = 14 LIMIT 1   [ RunTime:0.0002s ]
NOTIC: [8] Undefined index: count F:\www\Zt\Dbshop\Application\Api\Controller\CartController.class.php 第 95 行.
SQL: UPDATE `tb_cart` SET `id`='14',`goods_id`='5',`user_id`='1',`goods_num`='111',`goods_price`='50',`status`='1',`createtime`='2018-06-03 10:11:49',`updatetime`='2018-06-03 10:11:49',`image`='./Uploads/2018-05-24/5b06837350b9a.jpg',`goods_name`='wanfan' WHERE `id` = 14 [ RunTime:0.0028s ]

[ 2018-06-06T11:30:55+08:00 ] 127.0.0.1 /index.php/Api/cart/edit
INFO: [ app_init ] --START--
INFO: Run Behavior\BuildLiteBehavior [ RunTime:0.000022s ]
INFO: [ app_init ] --END-- [ RunTime:0.000432s ]
INFO: [ app_begin ] --START--
INFO: Run Behavior\ReadHtmlCacheBehavior [ RunTime:0.000390s ]
INFO: [ app_begin ] --END-- [ RunTime:0.000511s ]
NOTIC: [8] A session had already been started - ignoring session_start() F:\www\Zt\Dbshop\ThinkPHP\Common\functions.php 第 1263 行.
NOTIC: [2048] Declaration of Api\Model\CartModel::getList() should be compatible with Api\Model\BaseModel::getList($where = Array, $offset = 0, $limit = 20) F:\www\Zt\Dbshop\Application\Api\Model\CartModel.class.php 第 4 行.
SQL: SHOW COLUMNS FROM `tb_cart` [ RunTime:0.0011s ]
SQL: SELECT * FROM `tb_cart` WHERE `id` = 14 LIMIT 1   [ RunTime:0.0003s ]
NOTIC: [8] Undefined index: count F:\www\Zt\Dbshop\Application\Api\Controller\CartController.class.php 第 95 行.
SQL: UPDATE `tb_cart` SET `id`='14',`goods_id`='5',`user_id`='1',`goods_num`='111',`goods_price`='50',`status`='1',`createtime`='2018-06-03 10:11:49',`updatetime`='2018-06-03 10:11:49',`image`='./Uploads/2018-05-24/5b06837350b9a.jpg',`goods_name`='wanfan' WHERE `id` = 14 [ RunTime:0.0031s ]

[ 2018-06-06T11:32:23+08:00 ] 127.0.0.1 /index.php/Api/cart/edit
INFO: [ app_init ] --START--
INFO: Run Behavior\BuildLiteBehavior [ RunTime:0.000020s ]
INFO: [ app_init ] --END-- [ RunTime:0.000354s ]
INFO: [ app_begin ] --START--
INFO: Run Behavior\ReadHtmlCacheBehavior [ RunTime:0.000399s ]
INFO: [ app_begin ] --END-- [ RunTime:0.000535s ]
NOTIC: [8] A session had already been started - ignoring session_start() F:\www\Zt\Dbshop\ThinkPHP\Common\functions.php 第 1263 行.
NOTIC: [2048] Declaration of Api\Model\CartModel::getList() should be compatible with Api\Model\BaseModel::getList($where = Array, $offset = 0, $limit = 20) F:\www\Zt\Dbshop\Application\Api\Model\CartModel.class.php 第 4 行.
SQL: SHOW COLUMNS FROM `tb_cart` [ RunTime:0.0011s ]
SQL: SELECT * FROM `tb_cart` WHERE `id` = 14 LIMIT 1   [ RunTime:0.0003s ]
NOTIC: [8] Undefined index: count F:\www\Zt\Dbshop\Application\Api\Controller\CartController.class.php 第 95 行.

[ 2018-06-06T11:32:45+08:00 ] 127.0.0.1 /index.php/Api/cart/edit
INFO: [ app_init ] --START--
INFO: Run Behavior\BuildLiteBehavior [ RunTime:0.000023s ]
INFO: [ app_init ] --END-- [ RunTime:0.000392s ]
INFO: [ app_begin ] --START--
INFO: Run Behavior\ReadHtmlCacheBehavior [ RunTime:0.000398s ]
INFO: [ app_begin ] --END-- [ RunTime:0.000513s ]
NOTIC: [8] A session had already been started - ignoring session_start() F:\www\Zt\Dbshop\ThinkPHP\Common\functions.php 第 1263 行.
NOTIC: [2048] Declaration of Api\Model\CartModel::getList() should be compatible with Api\Model\BaseModel::getList($where = Array, $offset = 0, $limit = 20) F:\www\Zt\Dbshop\Application\Api\Model\CartModel.class.php 第 4 行.
SQL: SHOW COLUMNS FROM `tb_cart` [ RunTime:0.0011s ]
SQL: SELECT * FROM `tb_cart` WHERE `id` = 14 LIMIT 1   [ RunTime:0.0003s ]
NOTIC: [8] Undefined index: count F:\www\Zt\Dbshop\Application\Api\Controller\CartController.class.php 第 95 行.

[ 2018-06-06T11:43:31+08:00 ] 127.0.0.1 /index.php/Api/cart/edit
INFO: [ app_init ] --START--
INFO: Run Behavior\BuildLiteBehavior [ RunTime:0.000020s ]
INFO: [ app_init ] --END-- [ RunTime:0.000358s ]
INFO: [ app_begin ] --START--
INFO: Run Behavior\ReadHtmlCacheBehavior [ RunTime:0.000447s ]
INFO: [ app_begin ] --END-- [ RunTime:0.000552s ]
NOTIC: [8] A session had already been started - ignoring session_start() F:\www\Zt\Dbshop\ThinkPHP\Common\functions.php 第 1263 行.
NOTIC: [2048] Declaration of Api\Model\CartModel::getList() should be compatible with Api\Model\BaseModel::getList($where = Array, $offset = 0, $limit = 20) F:\www\Zt\Dbshop\Application\Api\Model\CartModel.class.php 第 4 行.
SQL: SHOW COLUMNS FROM `tb_cart` [ RunTime:0.0012s ]
SQL: SELECT * FROM `tb_cart` WHERE `id` = 14 LIMIT 1   [ RunTime:0.0003s ]
NOTIC: [8] Undefined index: count F:\www\Zt\Dbshop\Application\Api\Controller\CartController.class.php 第 95 行.
ERR: Think\Model:update方法不存在！

[ 2018-06-06T11:44:29+08:00 ] 127.0.0.1 /index.php/Api/cart/edit
INFO: [ app_init ] --START--
INFO: Run Behavior\BuildLiteBehavior [ RunTime:0.000020s ]
INFO: [ app_init ] --END-- [ RunTime:0.000333s ]
INFO: [ app_begin ] --START--
INFO: Run Behavior\ReadHtmlCacheBehavior [ RunTime:0.000357s ]
INFO: [ app_begin ] --END-- [ RunTime:0.000458s ]
NOTIC: [8] A session had already been started - ignoring session_start() F:\www\Zt\Dbshop\ThinkPHP\Common\functions.php 第 1263 行.
NOTIC: [2048] Declaration of Api\Model\CartModel::getList() should be compatible with Api\Model\BaseModel::getList($where = Array, $offset = 0, $limit = 20) F:\www\Zt\Dbshop\Application\Api\Model\CartModel.class.php 第 4 行.
SQL: SHOW COLUMNS FROM `tb_cart` [ RunTime:0.0006s ]
SQL: SELECT * FROM `tb_cart` WHERE `id` = 14 LIMIT 1   [ RunTime:0.0003s ]
NOTIC: [8] Undefined index: count F:\www\Zt\Dbshop\Application\Api\Controller\CartController.class.php 第 95 行.
SQL: UPDATE `tb_cart` SET `id`='14',`goods_id`='5',`user_id`='1',`goods_num`='111',`goods_price`='50',`status`='1',`createtime`='2018-06-03 10:11:49',`updatetime`='2018-06-03 10:11:49',`image`='./Uploads/2018-05-24/5b06837350b9a.jpg',`goods_name`='wanfan' WHERE `id` = 14 [ RunTime:0.0034s ]

[ 2018-06-06T11:44:48+08:00 ] 127.0.0.1 /index.php/Api/cart/edit
INFO: [ app_init ] --START--
INFO: Run Behavior\BuildLiteBehavior [ RunTime:0.000021s ]
INFO: [ app_init ] --END-- [ RunTime:0.000356s ]
INFO: [ app_begin ] --START--
INFO: Run Behavior\ReadHtmlCacheBehavior [ RunTime:0.000355s ]
INFO: [ app_begin ] --END-- [ RunTime:0.000463s ]
NOTIC: [8] A session had already been started - ignoring session_start() F:\www\Zt\Dbshop\ThinkPHP\Common\functions.php 第 1263 行.
NOTIC: [2048] Declaration of Api\Model\CartModel::getList() should be compatible with Api\Model\BaseModel::getList($where = Array, $offset = 0, $limit = 20) F:\www\Zt\Dbshop\Application\Api\Model\CartModel.class.php 第 4 行.
SQL: SHOW COLUMNS FROM `tb_cart` [ RunTime:0.0014s ]
SQL: SELECT * FROM `tb_cart` WHERE `id` = 14 LIMIT 1   [ RunTime:0.0003s ]
NOTIC: [8] Undefined index: count F:\www\Zt\Dbshop\Application\Api\Controller\CartController.class.php 第 95 行.

[ 2018-06-06T11:44:57+08:00 ] 127.0.0.1 /index.php/Api/cart/edit
INFO: [ app_init ] --START--
INFO: Run Behavior\BuildLiteBehavior [ RunTime:0.000020s ]
INFO: [ app_init ] --END-- [ RunTime:0.000397s ]
INFO: [ app_begin ] --START--
INFO: Run Behavior\ReadHtmlCacheBehavior [ RunTime:0.000435s ]
INFO: [ app_begin ] --END-- [ RunTime:0.000549s ]
NOTIC: [8] A session had already been started - ignoring session_start() F:\www\Zt\Dbshop\ThinkPHP\Common\functions.php 第 1263 行.
NOTIC: [2048] Declaration of Api\Model\CartModel::getList() should be compatible with Api\Model\BaseModel::getList($where = Array, $offset = 0, $limit = 20) F:\www\Zt\Dbshop\Application\Api\Model\CartModel.class.php 第 4 行.
SQL: SHOW COLUMNS FROM `tb_cart` [ RunTime:0.0011s ]
SQL: SELECT * FROM `tb_cart` WHERE `id` = 14 LIMIT 1   [ RunTime:0.0003s ]
NOTIC: [8] Undefined index: count F:\www\Zt\Dbshop\Application\Api\Controller\CartController.class.php 第 95 行.

[ 2018-06-06T11:44:58+08:00 ] 127.0.0.1 /index.php/Api/cart/edit
INFO: [ app_init ] --START--
INFO: Run Behavior\BuildLiteBehavior [ RunTime:0.000019s ]
INFO: [ app_init ] --END-- [ RunTime:0.000372s ]
INFO: [ app_begin ] --START--
INFO: Run Behavior\ReadHtmlCacheBehavior [ RunTime:0.000357s ]
INFO: [ app_begin ] --END-- [ RunTime:0.000458s ]
NOTIC: [8] A session had already been started - ignoring session_start() F:\www\Zt\Dbshop\ThinkPHP\Common\functions.php 第 1263 行.
NOTIC: [2048] Declaration of Api\Model\CartModel::getList() should be compatible with Api\Model\BaseModel::getList($where = Array, $offset = 0, $limit = 20) F:\www\Zt\Dbshop\Application\Api\Model\CartModel.class.php 第 4 行.
SQL: SHOW COLUMNS FROM `tb_cart` [ RunTime:0.0010s ]
SQL: SELECT * FROM `tb_cart` WHERE `id` = 14 LIMIT 1   [ RunTime:0.0002s ]
NOTIC: [8] Undefined index: count F:\www\Zt\Dbshop\Application\Api\Controller\CartController.class.php 第 95 行.

[ 2018-06-06T11:45:45+08:00 ] 127.0.0.1 /index.php/Api/cart/edit
INFO: [ app_init ] --START--
INFO: Run Behavior\BuildLiteBehavior [ RunTime:0.000025s ]
INFO: [ app_init ] --END-- [ RunTime:0.000414s ]
INFO: [ app_begin ] --START--
INFO: Run Behavior\ReadHtmlCacheBehavior [ RunTime:0.000447s ]
INFO: [ app_begin ] --END-- [ RunTime:0.000553s ]
NOTIC: [8] A session had already been started - ignoring session_start() F:\www\Zt\Dbshop\ThinkPHP\Common\functions.php 第 1263 行.
NOTIC: [2048] Declaration of Api\Model\CartModel::getList() should be compatible with Api\Model\BaseModel::getList($where = Array, $offset = 0, $limit = 20) F:\www\Zt\Dbshop\Application\Api\Model\CartModel.class.php 第 4 行.
SQL: SHOW COLUMNS FROM `tb_cart` [ RunTime:0.0004s ]
SQL: SELECT * FROM `tb_cart` WHERE `id` = 14 LIMIT 1   [ RunTime:0.0002s ]

[ 2018-06-06T11:45:45+08:00 ] 127.0.0.1 /index.php/Api/cart/edit
INFO: [ app_init ] --START--
INFO: Run Behavior\BuildLiteBehavior [ RunTime:0.000022s ]
INFO: [ app_init ] --END-- [ RunTime:0.000366s ]
INFO: [ app_begin ] --START--
INFO: Run Behavior\ReadHtmlCacheBehavior [ RunTime:0.000384s ]
INFO: [ app_begin ] --END-- [ RunTime:0.000492s ]
NOTIC: [8] A session had already been started - ignoring session_start() F:\www\Zt\Dbshop\ThinkPHP\Common\functions.php 第 1263 行.
NOTIC: [2048] Declaration of Api\Model\CartModel::getList() should be compatible with Api\Model\BaseModel::getList($where = Array, $offset = 0, $limit = 20) F:\www\Zt\Dbshop\Application\Api\Model\CartModel.class.php 第 4 行.
SQL: SHOW COLUMNS FROM `tb_cart` [ RunTime:0.0005s ]
SQL: SELECT * FROM `tb_cart` WHERE `id` = 14 LIMIT 1   [ RunTime:0.0003s ]

[ 2018-06-06T11:45:46+08:00 ] 127.0.0.1 /index.php/Api/cart/edit
INFO: [ app_init ] --START--
INFO: Run Behavior\BuildLiteBehavior [ RunTime:0.000023s ]
INFO: [ app_init ] --END-- [ RunTime:0.000372s ]
INFO: [ app_begin ] --START--
INFO: Run Behavior\ReadHtmlCacheBehavior [ RunTime:0.000324s ]
INFO: [ app_begin ] --END-- [ RunTime:0.000426s ]
NOTIC: [8] A session had already been started - ignoring session_start() F:\www\Zt\Dbshop\ThinkPHP\Common\functions.php 第 1263 行.
NOTIC: [2048] Declaration of Api\Model\CartModel::getList() should be compatible with Api\Model\BaseModel::getList($where = Array, $offset = 0, $limit = 20) F:\www\Zt\Dbshop\Application\Api\Model\CartModel.class.php 第 4 行.
SQL: SHOW COLUMNS FROM `tb_cart` [ RunTime:0.0006s ]
SQL: SELECT * FROM `tb_cart` WHERE `id` = 14 LIMIT 1   [ RunTime:0.0003s ]

[ 2018-06-06T11:45:47+08:00 ] 127.0.0.1 /index.php/Api/cart/edit
INFO: [ app_init ] --START--
INFO: Run Behavior\BuildLiteBehavior [ RunTime:0.000021s ]
INFO: [ app_init ] --END-- [ RunTime:0.000349s ]
INFO: [ app_begin ] --START--
INFO: Run Behavior\ReadHtmlCacheBehavior [ RunTime:0.000353s ]
INFO: [ app_begin ] --END-- [ RunTime:0.000453s ]
NOTIC: [8] A session had already been started - ignoring session_start() F:\www\Zt\Dbshop\ThinkPHP\Common\functions.php 第 1263 行.
NOTIC: [2048] Declaration of Api\Model\CartModel::getList() should be compatible with Api\Model\BaseModel::getList($where = Array, $offset = 0, $limit = 20) F:\www\Zt\Dbshop\Application\Api\Model\CartModel.class.php 第 4 行.
SQL: SHOW COLUMNS FROM `tb_cart` [ RunTime:0.0005s ]
SQL: SELECT * FROM `tb_cart` WHERE `id` = 14 LIMIT 1   [ RunTime:0.0003s ]

[ 2018-06-06T11:45:49+08:00 ] 127.0.0.1 /index.php/Api/cart/edit
INFO: [ app_init ] --START--
INFO: Run Behavior\BuildLiteBehavior [ RunTime:0.000020s ]
INFO: [ app_init ] --END-- [ RunTime:0.000391s ]
INFO: [ app_begin ] --START--
INFO: Run Behavior\ReadHtmlCacheBehavior [ RunTime:0.000310s ]
INFO: [ app_begin ] --END-- [ RunTime:0.000427s ]
NOTIC: [8] A session had already been started - ignoring session_start() F:\www\Zt\Dbshop\ThinkPHP\Common\functions.php 第 1263 行.
NOTIC: [2048] Declaration of Api\Model\CartModel::getList() should be compatible with Api\Model\BaseModel::getList($where = Array, $offset = 0, $limit = 20) F:\www\Zt\Dbshop\Application\Api\Model\CartModel.class.php 第 4 行.
SQL: SHOW COLUMNS FROM `tb_cart` [ RunTime:0.0006s ]
SQL: SELECT * FROM `tb_cart` WHERE `id` = 14 LIMIT 1   [ RunTime:0.0003s ]

[ 2018-06-06T11:45:49+08:00 ] 127.0.0.1 /index.php/Api/cart/edit
INFO: [ app_init ] --START--
INFO: Run Behavior\BuildLiteBehavior [ RunTime:0.000018s ]
INFO: [ app_init ] --END-- [ RunTime:0.000323s ]
INFO: [ app_begin ] --START--
INFO: Run Behavior\ReadHtmlCacheBehavior [ RunTime:0.000368s ]
INFO: [ app_begin ] --END-- [ RunTime:0.000470s ]
NOTIC: [8] A session had already been started - ignoring session_start() F:\www\Zt\Dbshop\ThinkPHP\Common\functions.php 第 1263 行.
NOTIC: [2048] Declaration of Api\Model\CartModel::getList() should be compatible with Api\Model\BaseModel::getList($where = Array, $offset = 0, $limit = 20) F:\www\Zt\Dbshop\Application\Api\Model\CartModel.class.php 第 4 行.
SQL: SHOW COLUMNS FROM `tb_cart` [ RunTime:0.0006s ]
SQL: SELECT * FROM `tb_cart` WHERE `id` = 14 LIMIT 1   [ RunTime:0.0003s ]

[ 2018-06-06T11:45:54+08:00 ] 127.0.0.1 /index.php/Api/cart/edit
INFO: [ app_init ] --START--
INFO: Run Behavior\BuildLiteBehavior [ RunTime:0.000019s ]
INFO: [ app_init ] --END-- [ RunTime:0.000337s ]
INFO: [ app_begin ] --START--
INFO: Run Behavior\ReadHtmlCacheBehavior [ RunTime:0.000334s ]
INFO: [ app_begin ] --END-- [ RunTime:0.000475s ]
NOTIC: [8] A session had already been started - ignoring session_start() F:\www\Zt\Dbshop\ThinkPHP\Common\functions.php 第 1263 行.
NOTIC: [2048] Declaration of Api\Model\CartModel::getList() should be compatible with Api\Model\BaseModel::getList($where = Array, $offset = 0, $limit = 20) F:\www\Zt\Dbshop\Application\Api\Model\CartModel.class.php 第 4 行.
SQL: SHOW COLUMNS FROM `tb_cart` [ RunTime:0.0005s ]
SQL: SELECT * FROM `tb_cart` WHERE `id` = 14 LIMIT 1   [ RunTime:0.0003s ]

[ 2018-06-06T11:45:54+08:00 ] 127.0.0.1 /index.php/Api/cart/edit
INFO: [ app_init ] --START--
INFO: Run Behavior\BuildLiteBehavior [ RunTime:0.000019s ]
INFO: [ app_init ] --END-- [ RunTime:0.000326s ]
INFO: [ app_begin ] --START--
INFO: Run Behavior\ReadHtmlCacheBehavior [ RunTime:0.002660s ]
INFO: [ app_begin ] --END-- [ RunTime:0.002762s ]
NOTIC: [8] A session had already been started - ignoring session_start() F:\www\Zt\Dbshop\ThinkPHP\Common\functions.php 第 1263 行.
NOTIC: [2048] Declaration of Api\Model\CartModel::getList() should be compatible with Api\Model\BaseModel::getList($where = Array, $offset = 0, $limit = 20) F:\www\Zt\Dbshop\Application\Api\Model\CartModel.class.php 第 4 行.
SQL: SHOW COLUMNS FROM `tb_cart` [ RunTime:0.0006s ]
SQL: SELECT * FROM `tb_cart` WHERE `id` = 14 LIMIT 1   [ RunTime:0.0003s ]

[ 2018-06-06T11:45:55+08:00 ] 127.0.0.1 /index.php/Api/cart/edit
INFO: [ app_init ] --START--
INFO: Run Behavior\BuildLiteBehavior [ RunTime:0.000019s ]
INFO: [ app_init ] --END-- [ RunTime:0.000323s ]
INFO: [ app_begin ] --START--
INFO: Run Behavior\ReadHtmlCacheBehavior [ RunTime:0.000322s ]
INFO: [ app_begin ] --END-- [ RunTime:0.000427s ]
NOTIC: [8] A session had already been started - ignoring session_start() F:\www\Zt\Dbshop\ThinkPHP\Common\functions.php 第 1263 行.
NOTIC: [2048] Declaration of Api\Model\CartModel::getList() should be compatible with Api\Model\BaseModel::getList($where = Array, $offset = 0, $limit = 20) F:\www\Zt\Dbshop\Application\Api\Model\CartModel.class.php 第 4 行.
SQL: SHOW COLUMNS FROM `tb_cart` [ RunTime:0.0006s ]
SQL: SELECT * FROM `tb_cart` WHERE `id` = 14 LIMIT 1   [ RunTime:0.0003s ]

[ 2018-06-06T11:46:05+08:00 ] 127.0.0.1 /index.php/Api/cart/edit
INFO: [ app_init ] --START--
INFO: Run Behavior\BuildLiteBehavior [ RunTime:0.000023s ]
INFO: [ app_init ] --END-- [ RunTime:0.000370s ]
INFO: [ app_begin ] --START--
INFO: Run Behavior\ReadHtmlCacheBehavior [ RunTime:0.000393s ]
INFO: [ app_begin ] --END-- [ RunTime:0.000503s ]
NOTIC: [8] A session had already been started - ignoring session_start() F:\www\Zt\Dbshop\ThinkPHP\Common\functions.php 第 1263 行.
NOTIC: [2048] Declaration of Api\Model\CartModel::getList() should be compatible with Api\Model\BaseModel::getList($where = Array, $offset = 0, $limit = 20) F:\www\Zt\Dbshop\Application\Api\Model\CartModel.class.php 第 4 行.
SQL: SHOW COLUMNS FROM `tb_cart` [ RunTime:0.0005s ]
SQL: SELECT * FROM `tb_cart` WHERE `id` = 14 LIMIT 1   [ RunTime:0.0002s ]
SQL: UPDATE `tb_cart` SET `id`='14',`goods_id`='5',`user_id`='1',`goods_num`='112',`goods_price`='50',`status`='1',`createtime`='2018-06-03 10:11:49',`updatetime`='2018-06-03 10:11:49',`image`='./Uploads/2018-05-24/5b06837350b9a.jpg',`goods_name`='wanfan' WHERE `id` = 14 [ RunTime:0.0031s ]

[ 2018-06-06T11:46:31+08:00 ] 127.0.0.1 /index.php/Api/cart/edit
INFO: [ app_init ] --START--
INFO: Run Behavior\BuildLiteBehavior [ RunTime:0.000040s ]
INFO: [ app_init ] --END-- [ RunTime:0.000392s ]
INFO: [ app_begin ] --START--
INFO: Run Behavior\ReadHtmlCacheBehavior [ RunTime:0.000438s ]
INFO: [ app_begin ] --END-- [ RunTime:0.000629s ]
NOTIC: [8] A session had already been started - ignoring session_start() F:\www\Zt\Dbshop\ThinkPHP\Common\functions.php 第 1263 行.
NOTIC: [2048] Declaration of Api\Model\CartModel::getList() should be compatible with Api\Model\BaseModel::getList($where = Array, $offset = 0, $limit = 20) F:\www\Zt\Dbshop\Application\Api\Model\CartModel.class.php 第 4 行.
SQL: SHOW COLUMNS FROM `tb_cart` [ RunTime:0.0006s ]
SQL: SELECT * FROM `tb_cart` WHERE `id` = 14 LIMIT 1   [ RunTime:0.0003s ]
SQL: UPDATE `tb_cart` SET `id`='14',`goods_id`='5',`user_id`='1',`goods_num`='111',`goods_price`='50',`status`='1',`createtime`='2018-06-03 10:11:49',`updatetime`='2018-06-03 10:11:49',`image`='./Uploads/2018-05-24/5b06837350b9a.jpg',`goods_name`='wanfan' WHERE `id` = 14 [ RunTime:0.0035s ]

[ 2018-06-06T11:47:06+08:00 ] 127.0.0.1 /index.php/Api/cart/edit
INFO: [ app_init ] --START--
INFO: Run Behavior\BuildLiteBehavior [ RunTime:0.000027s ]
INFO: [ app_init ] --END-- [ RunTime:0.000432s ]
INFO: [ app_begin ] --START--
INFO: Run Behavior\ReadHtmlCacheBehavior [ RunTime:0.000398s ]
INFO: [ app_begin ] --END-- [ RunTime:0.000520s ]
NOTIC: [8] A session had already been started - ignoring session_start() F:\www\Zt\Dbshop\ThinkPHP\Common\functions.php 第 1263 行.

[ 2018-06-06T11:47:32+08:00 ] 127.0.0.1 /index.php/Api/cart/edit
INFO: [ app_init ] --START--
INFO: Run Behavior\BuildLiteBehavior [ RunTime:0.000018s ]
INFO: [ app_init ] --END-- [ RunTime:0.000303s ]
INFO: [ app_begin ] --START--
INFO: Run Behavior\ReadHtmlCacheBehavior [ RunTime:0.000309s ]
INFO: [ app_begin ] --END-- [ RunTime:0.000413s ]
NOTIC: [8] A session had already been started - ignoring session_start() F:\www\Zt\Dbshop\ThinkPHP\Common\functions.php 第 1263 行.

[ 2018-06-06T11:47:54+08:00 ] 127.0.0.1 /index.php/Api/cart/edit
INFO: [ app_init ] --START--
INFO: Run Behavior\BuildLiteBehavior [ RunTime:0.000020s ]
INFO: [ app_init ] --END-- [ RunTime:0.000457s ]
INFO: [ app_begin ] --START--
INFO: Run Behavior\ReadHtmlCacheBehavior [ RunTime:0.000468s ]
INFO: [ app_begin ] --END-- [ RunTime:0.000598s ]
NOTIC: [8] A session had already been started - ignoring session_start() F:\www\Zt\Dbshop\ThinkPHP\Common\functions.php 第 1263 行.
NOTIC: [2048] Declaration of Api\Model\CartModel::getList() should be compatible with Api\Model\BaseModel::getList($where = Array, $offset = 0, $limit = 20) F:\www\Zt\Dbshop\Application\Api\Model\CartModel.class.php 第 4 行.
SQL: SHOW COLUMNS FROM `tb_cart` [ RunTime:0.0006s ]
SQL: SELECT * FROM `tb_cart` WHERE `id` = 14 LIMIT 1   [ RunTime:0.0003s ]
SQL: UPDATE `tb_cart` SET `id`='14',`goods_id`='5',`user_id`='1',`goods_num`='110',`goods_price`='50',`status`='1',`createtime`='2018-06-03 10:11:49',`updatetime`='2018-06-03 10:11:49',`image`='./Uploads/2018-05-24/5b06837350b9a.jpg',`goods_name`='wanfan' WHERE `id` = 14 [ RunTime:0.0033s ]

[ 2018-06-06T11:47:55+08:00 ] 127.0.0.1 /index.php/Api/cart/edit
INFO: [ app_init ] --START--
INFO: Run Behavior\BuildLiteBehavior [ RunTime:0.000020s ]
INFO: [ app_init ] --END-- [ RunTime:0.000405s ]
INFO: [ app_begin ] --START--
INFO: Run Behavior\ReadHtmlCacheBehavior [ RunTime:0.000385s ]
INFO: [ app_begin ] --END-- [ RunTime:0.000513s ]
NOTIC: [8] A session had already been started - ignoring session_start() F:\www\Zt\Dbshop\ThinkPHP\Common\functions.php 第 1263 行.
NOTIC: [2048] Declaration of Api\Model\CartModel::getList() should be compatible with Api\Model\BaseModel::getList($where = Array, $offset = 0, $limit = 20) F:\www\Zt\Dbshop\Application\Api\Model\CartModel.class.php 第 4 行.
SQL: SHOW COLUMNS FROM `tb_cart` [ RunTime:0.0006s ]
SQL: SELECT * FROM `tb_cart` WHERE `id` = 14 LIMIT 1   [ RunTime:0.0003s ]
SQL: UPDATE `tb_cart` SET `id`='14',`goods_id`='5',`user_id`='1',`goods_num`='109',`goods_price`='50',`status`='1',`createtime`='2018-06-03 10:11:49',`updatetime`='2018-06-03 10:11:49',`image`='./Uploads/2018-05-24/5b06837350b9a.jpg',`goods_name`='wanfan' WHERE `id` = 14 [ RunTime:0.0031s ]

[ 2018-06-06T11:47:56+08:00 ] 127.0.0.1 /index.php/Api/cart/edit
INFO: [ app_init ] --START--
INFO: Run Behavior\BuildLiteBehavior [ RunTime:0.000054s ]
INFO: [ app_init ] --END-- [ RunTime:0.000551s ]
INFO: [ app_begin ] --START--
INFO: Run Behavior\ReadHtmlCacheBehavior [ RunTime:0.000327s ]
INFO: [ app_begin ] --END-- [ RunTime:0.000428s ]
NOTIC: [8] A session had already been started - ignoring session_start() F:\www\Zt\Dbshop\ThinkPHP\Common\functions.php 第 1263 行.
NOTIC: [2048] Declaration of Api\Model\CartModel::getList() should be compatible with Api\Model\BaseModel::getList($where = Array, $offset = 0, $limit = 20) F:\www\Zt\Dbshop\Application\Api\Model\CartModel.class.php 第 4 行.
SQL: SHOW COLUMNS FROM `tb_cart` [ RunTime:0.0006s ]
SQL: SELECT * FROM `tb_cart` WHERE `id` = 14 LIMIT 1   [ RunTime:0.0003s ]
SQL: UPDATE `tb_cart` SET `id`='14',`goods_id`='5',`user_id`='1',`goods_num`='108',`goods_price`='50',`status`='1',`createtime`='2018-06-03 10:11:49',`updatetime`='2018-06-03 10:11:49',`image`='./Uploads/2018-05-24/5b06837350b9a.jpg',`goods_name`='wanfan' WHERE `id` = 14 [ RunTime:0.0034s ]

[ 2018-06-06T11:48:02+08:00 ] 127.0.0.1 /index.php/Api/cart/edit
INFO: [ app_init ] --START--
INFO: Run Behavior\BuildLiteBehavior [ RunTime:0.000020s ]
INFO: [ app_init ] --END-- [ RunTime:0.000345s ]
INFO: [ app_begin ] --START--
INFO: Run Behavior\ReadHtmlCacheBehavior [ RunTime:0.000387s ]
INFO: [ app_begin ] --END-- [ RunTime:0.000530s ]
NOTIC: [8] A session had already been started - ignoring session_start() F:\www\Zt\Dbshop\ThinkPHP\Common\functions.php 第 1263 行.

[ 2018-06-06T11:48:09+08:00 ] 127.0.0.1 /index.php/Api/cart/edit
INFO: [ app_init ] --START--
INFO: Run Behavior\BuildLiteBehavior [ RunTime:0.000020s ]
INFO: [ app_init ] --END-- [ RunTime:0.000331s ]
INFO: [ app_begin ] --START--
INFO: Run Behavior\ReadHtmlCacheBehavior [ RunTime:0.000324s ]
INFO: [ app_begin ] --END-- [ RunTime:0.000425s ]
NOTIC: [8] A session had already been started - ignoring session_start() F:\www\Zt\Dbshop\ThinkPHP\Common\functions.php 第 1263 行.

[ 2018-06-06T11:48:20+08:00 ] 127.0.0.1 /index.php/Api/cart/edit
INFO: [ app_init ] --START--
INFO: Run Behavior\BuildLiteBehavior [ RunTime:0.000022s ]
INFO: [ app_init ] --END-- [ RunTime:0.000353s ]
INFO: [ app_begin ] --START--
INFO: Run Behavior\ReadHtmlCacheBehavior [ RunTime:0.000351s ]
INFO: [ app_begin ] --END-- [ RunTime:0.000473s ]
NOTIC: [8] A session had already been started - ignoring session_start() F:\www\Zt\Dbshop\ThinkPHP\Common\functions.php 第 1263 行.

[ 2018-06-06T11:48:31+08:00 ] 127.0.0.1 /index.php/Api/cart/edit
INFO: [ app_init ] --START--
INFO: Run Behavior\BuildLiteBehavior [ RunTime:0.000019s ]
INFO: [ app_init ] --END-- [ RunTime:0.000331s ]
INFO: [ app_begin ] --START--
INFO: Run Behavior\ReadHtmlCacheBehavior [ RunTime:0.000396s ]
INFO: [ app_begin ] --END-- [ RunTime:0.000497s ]
NOTIC: [8] A session had already been started - ignoring session_start() F:\www\Zt\Dbshop\ThinkPHP\Common\functions.php 第 1263 行.
NOTIC: [2048] Declaration of Api\Model\CartModel::getList() should be compatible with Api\Model\BaseModel::getList($where = Array, $offset = 0, $limit = 20) F:\www\Zt\Dbshop\Application\Api\Model\CartModel.class.php 第 4 行.
SQL: SHOW COLUMNS FROM `tb_cart` [ RunTime:0.0006s ]
SQL: SELECT * FROM `tb_cart` WHERE `id` = 53 LIMIT 1   [ RunTime:0.0004s ]
SQL: UPDATE `tb_cart` SET `id`='53',`goods_id`='1',`user_id`='1',`goods_num`='0',`goods_price`='99',`status`='1',`createtime`='2018-06-06 10:55:25',`updatetime`=NULL,`image`='https://img3.doubanio.com/view/dianpu_page_widget/raw/public/e020e63fbde3646.jpg',`goods_name`='豆瓣收藏夹' WHERE `id` = 53 [ RunTime:0.0031s ]

[ 2018-06-06T11:48:39+08:00 ] 127.0.0.1 /index.php/Api/cart/edit
INFO: [ app_init ] --START--
INFO: Run Behavior\BuildLiteBehavior [ RunTime:0.000040s ]
INFO: [ app_init ] --END-- [ RunTime:0.000495s ]
INFO: [ app_begin ] --START--
INFO: Run Behavior\ReadHtmlCacheBehavior [ RunTime:0.000379s ]
INFO: [ app_begin ] --END-- [ RunTime:0.000485s ]
NOTIC: [8] A session had already been started - ignoring session_start() F:\www\Zt\Dbshop\ThinkPHP\Common\functions.php 第 1263 行.
NOTIC: [2048] Declaration of Api\Model\CartModel::getList() should be compatible with Api\Model\BaseModel::getList($where = Array, $offset = 0, $limit = 20) F:\www\Zt\Dbshop\Application\Api\Model\CartModel.class.php 第 4 行.
SQL: SHOW COLUMNS FROM `tb_cart` [ RunTime:0.0006s ]
SQL: SELECT * FROM `tb_cart` WHERE `id` = 53 LIMIT 1   [ RunTime:0.0003s ]
SQL: UPDATE `tb_cart` SET `id`='53',`goods_id`='1',`user_id`='1',`goods_num`='1',`goods_price`='99',`status`='1',`createtime`='2018-06-06 10:55:25',`updatetime`=NULL,`image`='https://img3.doubanio.com/view/dianpu_page_widget/raw/public/e020e63fbde3646.jpg',`goods_name`='豆瓣收藏夹' WHERE `id` = 53 [ RunTime:0.0032s ]

[ 2018-06-06T11:48:44+08:00 ] 127.0.0.1 /index.php/Api/cart/edit
INFO: [ app_init ] --START--
INFO: Run Behavior\BuildLiteBehavior [ RunTime:0.000021s ]
INFO: [ app_init ] --END-- [ RunTime:0.000415s ]
INFO: [ app_begin ] --START--
INFO: Run Behavior\ReadHtmlCacheBehavior [ RunTime:0.000371s ]
INFO: [ app_begin ] --END-- [ RunTime:0.000464s ]
NOTIC: [8] A session had already been started - ignoring session_start() F:\www\Zt\Dbshop\ThinkPHP\Common\functions.php 第 1263 行.
NOTIC: [2048] Declaration of Api\Model\CartModel::getList() should be compatible with Api\Model\BaseModel::getList($where = Array, $offset = 0, $limit = 20) F:\www\Zt\Dbshop\Application\Api\Model\CartModel.class.php 第 4 行.
SQL: SHOW COLUMNS FROM `tb_cart` [ RunTime:0.0005s ]
SQL: SELECT * FROM `tb_cart` WHERE `id` = 53 LIMIT 1   [ RunTime:0.0003s ]
SQL: UPDATE `tb_cart` SET `id`='53',`goods_id`='1',`user_id`='1',`goods_num`='2',`goods_price`='99',`status`='1',`createtime`='2018-06-06 10:55:25',`updatetime`=NULL,`image`='https://img3.doubanio.com/view/dianpu_page_widget/raw/public/e020e63fbde3646.jpg',`goods_name`='豆瓣收藏夹' WHERE `id` = 53 [ RunTime:0.0030s ]

