[ 2018-06-10T09:09:45+08:00 ] 127.0.0.1 /index.php/Admin
INFO: [ app_init ] --START--
INFO: Run Behavior\BuildLiteBehavior [ RunTime:0.000027s ]
INFO: [ app_init ] --END-- [ RunTime:0.000444s ]
INFO: [ app_begin ] --START--
INFO: Run Behavior\ReadHtmlCacheBehavior [ RunTime:0.000581s ]
INFO: [ app_begin ] --END-- [ RunTime:0.000904s ]
NOTIC: [8] A session had already been started - ignoring session_start() F:\www\Zt\Dbshop\ThinkPHP\Common\functions.php 第 1263 行.
INFO: [ view_parse ] --START--
INFO: [ template_filter ] --START--
INFO: Run Behavior\ContentReplaceBehavior [ RunTime:0.000409s ]
INFO: [ template_filter ] --END-- [ RunTime:0.000603s ]
INFO: Run Behavior\ParseTemplateBehavior [ RunTime:0.019599s ]
INFO: [ view_parse ] --END-- [ RunTime:0.019708s ]
INFO: [ view_filter ] --START--
INFO: Run Behavior\WriteHtmlCacheBehavior [ RunTime:0.000263s ]
INFO: [ view_filter ] --END-- [ RunTime:0.000352s ]
INFO: [ app_end ] --START--
INFO: Run Behavior\ShowPageTraceBehavior [ RunTime:0.000675s ]
INFO: [ app_end ] --END-- [ RunTime:0.000808s ]

[ 2018-06-10T09:09:45+08:00 ] 127.0.0.1 /index.php/Admin/index/main.html
INFO: [ app_init ] --START--
INFO: Run Behavior\BuildLiteBehavior [ RunTime:0.000023s ]
INFO: [ app_init ] --END-- [ RunTime:0.000558s ]
INFO: [ app_begin ] --START--
INFO: Run Behavior\ReadHtmlCacheBehavior [ RunTime:0.000705s ]
INFO: [ app_begin ] --END-- [ RunTime:0.000890s ]
NOTIC: [8] A session had already been started - ignoring session_start() F:\www\Zt\Dbshop\ThinkPHP\Common\functions.php 第 1263 行.
INFO: [ view_parse ] --START--
INFO: [ template_filter ] --START--
INFO: Run Behavior\ContentReplaceBehavior [ RunTime:0.000162s ]
INFO: [ template_filter ] --END-- [ RunTime:0.000285s ]
INFO: Run Behavior\ParseTemplateBehavior [ RunTime:0.056172s ]
INFO: [ view_parse ] --END-- [ RunTime:0.056303s ]
INFO: [ view_filter ] --START--
INFO: Run Behavior\WriteHtmlCacheBehavior [ RunTime:0.000511s ]
INFO: [ view_filter ] --END-- [ RunTime:0.000622s ]
INFO: [ app_end ] --START--
INFO: Run Behavior\ShowPageTraceBehavior [ RunTime:0.004243s ]
INFO: [ app_end ] --END-- [ RunTime:0.004548s ]

[ 2018-06-10T09:09:49+08:00 ] 127.0.0.1 /index.php/Admin/Admin/lists.html?v=4.0
INFO: [ app_init ] --START--
INFO: Run Behavior\BuildLiteBehavior [ RunTime:0.000020s ]
INFO: [ app_init ] --END-- [ RunTime:0.000345s ]
INFO: [ app_begin ] --START--
INFO: Run Behavior\ReadHtmlCacheBehavior [ RunTime:0.000418s ]
INFO: [ app_begin ] --END-- [ RunTime:0.000515s ]
NOTIC: [8] A session had already been started - ignoring session_start() F:\www\Zt\Dbshop\ThinkPHP\Common\functions.php 第 1263 行.
SQL: SHOW COLUMNS FROM `tb_admin` [ RunTime:0.0071s ]
SQL: SELECT * FROM `tb_admin` LIMIT 0,20   [ RunTime:0.0002s ]
INFO: [ view_parse ] --START--
INFO: [ template_filter ] --START--
INFO: Run Behavior\ContentReplaceBehavior [ RunTime:0.000070s ]
INFO: [ template_filter ] --END-- [ RunTime:0.000166s ]
NOTIC: [8] Undefined index: name F:\www\Zt\Dbshop\Application\Runtime\Cache\Admin\b7d39a7a7aefb8f444c82adc013a6b41.php 第 32 行.
NOTIC: [8] Undefined index: status F:\www\Zt\Dbshop\Application\Runtime\Cache\Admin\b7d39a7a7aefb8f444c82adc013a6b41.php 第 38 行.
NOTIC: [8] Undefined index: status F:\www\Zt\Dbshop\Application\Runtime\Cache\Admin\b7d39a7a7aefb8f444c82adc013a6b41.php 第 39 行.
NOTIC: [8] Undefined index: status F:\www\Zt\Dbshop\Application\Runtime\Cache\Admin\b7d39a7a7aefb8f444c82adc013a6b41.php 第 40 行.
NOTIC: [8] Undefined variable: page F:\www\Zt\Dbshop\Application\Runtime\Cache\Admin\b7d39a7a7aefb8f444c82adc013a6b41.php 第 75 行.
INFO: Run Behavior\ParseTemplateBehavior [ RunTime:0.032844s ]
INFO: [ view_parse ] --END-- [ RunTime:0.032956s ]
INFO: [ view_filter ] --START--
INFO: Run Behavior\WriteHtmlCacheBehavior [ RunTime:0.000478s ]
INFO: [ view_filter ] --END-- [ RunTime:0.000568s ]
INFO: [ app_end ] --START--
INFO: Run Behavior\ShowPageTraceBehavior [ RunTime:0.000558s ]
INFO: [ app_end ] --END-- [ RunTime:0.000742s ]

[ 2018-06-10T09:09:51+08:00 ] 127.0.0.1 /index.php/admin/admin/add.html
INFO: [ app_init ] --START--
INFO: Run Behavior\BuildLiteBehavior [ RunTime:0.000020s ]
INFO: [ app_init ] --END-- [ RunTime:0.000327s ]
INFO: [ app_begin ] --START--
INFO: Run Behavior\ReadHtmlCacheBehavior [ RunTime:0.000381s ]
INFO: [ app_begin ] --END-- [ RunTime:0.000476s ]
NOTIC: [8] A session had already been started - ignoring session_start() F:\www\Zt\Dbshop\ThinkPHP\Common\functions.php 第 1263 行.
SQL: SHOW COLUMNS FROM `tb_node` [ RunTime:0.0057s ]
ERR: Think\Model:getList方法不存在！

[ 2018-06-10T09:10:29+08:00 ] 127.0.0.1 /index.php/Admin
INFO: [ app_init ] --START--
INFO: Run Behavior\BuildLiteBehavior [ RunTime:0.000020s ]
INFO: [ app_init ] --END-- [ RunTime:0.000321s ]
INFO: [ app_begin ] --START--
INFO: Run Behavior\ReadHtmlCacheBehavior [ RunTime:0.000333s ]
INFO: [ app_begin ] --END-- [ RunTime:0.000426s ]
NOTIC: [8] A session had already been started - ignoring session_start() F:\www\Zt\Dbshop\ThinkPHP\Common\functions.php 第 1263 行.
INFO: [ view_parse ] --START--
INFO: [ template_filter ] --START--
INFO: Run Behavior\ContentReplaceBehavior [ RunTime:0.000908s ]
INFO: [ template_filter ] --END-- [ RunTime:0.001281s ]
INFO: Run Behavior\ParseTemplateBehavior [ RunTime:0.020986s ]
INFO: [ view_parse ] --END-- [ RunTime:0.021095s ]
INFO: [ view_filter ] --START--
INFO: Run Behavior\WriteHtmlCacheBehavior [ RunTime:0.000206s ]
INFO: [ view_filter ] --END-- [ RunTime:0.000300s ]
INFO: [ app_end ] --START--
INFO: Run Behavior\ShowPageTraceBehavior [ RunTime:0.000586s ]
INFO: [ app_end ] --END-- [ RunTime:0.000719s ]

[ 2018-06-10T09:10:29+08:00 ] 127.0.0.1 /index.php/Admin/index/main.html
INFO: [ app_init ] --START--
INFO: Run Behavior\BuildLiteBehavior [ RunTime:0.000022s ]
INFO: [ app_init ] --END-- [ RunTime:0.000464s ]
INFO: [ app_begin ] --START--
INFO: Run Behavior\ReadHtmlCacheBehavior [ RunTime:0.000347s ]
INFO: [ app_begin ] --END-- [ RunTime:0.000447s ]
NOTIC: [8] A session had already been started - ignoring session_start() F:\www\Zt\Dbshop\ThinkPHP\Common\functions.php 第 1263 行.
INFO: [ view_parse ] --START--
INFO: [ template_filter ] --START--
INFO: Run Behavior\ContentReplaceBehavior [ RunTime:0.000193s ]
INFO: [ template_filter ] --END-- [ RunTime:0.000305s ]
INFO: Run Behavior\ParseTemplateBehavior [ RunTime:0.028457s ]
INFO: [ view_parse ] --END-- [ RunTime:0.028700s ]
INFO: [ view_filter ] --START--
INFO: Run Behavior\WriteHtmlCacheBehavior [ RunTime:0.000251s ]
INFO: [ view_filter ] --END-- [ RunTime:0.000338s ]
INFO: [ app_end ] --START--
INFO: Run Behavior\ShowPageTraceBehavior [ RunTime:0.001967s ]
INFO: [ app_end ] --END-- [ RunTime:0.002143s ]

[ 2018-06-10T09:10:33+08:00 ] 127.0.0.1 /index.php/Admin/Admin/lists.html?v=4.0
INFO: [ app_init ] --START--
INFO: Run Behavior\BuildLiteBehavior [ RunTime:0.000021s ]
INFO: [ app_init ] --END-- [ RunTime:0.000349s ]
INFO: [ app_begin ] --START--
INFO: Run Behavior\ReadHtmlCacheBehavior [ RunTime:0.000706s ]
INFO: [ app_begin ] --END-- [ RunTime:0.000934s ]
NOTIC: [8] A session had already been started - ignoring session_start() F:\www\Zt\Dbshop\ThinkPHP\Common\functions.php 第 1263 行.
SQL: SHOW COLUMNS FROM `tb_admin` [ RunTime:0.0011s ]
SQL: SELECT * FROM `tb_admin` LIMIT 0,20   [ RunTime:0.0002s ]
INFO: [ view_parse ] --START--
INFO: [ template_filter ] --START--
INFO: Run Behavior\ContentReplaceBehavior [ RunTime:0.000074s ]
INFO: [ template_filter ] --END-- [ RunTime:0.000168s ]
NOTIC: [8] Undefined index: name F:\www\Zt\Dbshop\Application\Runtime\Cache\Admin\b7d39a7a7aefb8f444c82adc013a6b41.php 第 32 行.
NOTIC: [8] Undefined index: status F:\www\Zt\Dbshop\Application\Runtime\Cache\Admin\b7d39a7a7aefb8f444c82adc013a6b41.php 第 38 行.
NOTIC: [8] Undefined index: status F:\www\Zt\Dbshop\Application\Runtime\Cache\Admin\b7d39a7a7aefb8f444c82adc013a6b41.php 第 39 行.
NOTIC: [8] Undefined index: status F:\www\Zt\Dbshop\Application\Runtime\Cache\Admin\b7d39a7a7aefb8f444c82adc013a6b41.php 第 40 行.
NOTIC: [8] Undefined variable: page F:\www\Zt\Dbshop\Application\Runtime\Cache\Admin\b7d39a7a7aefb8f444c82adc013a6b41.php 第 75 行.
INFO: Run Behavior\ParseTemplateBehavior [ RunTime:0.016963s ]
INFO: [ view_parse ] --END-- [ RunTime:0.017073s ]
INFO: [ view_filter ] --START--
INFO: Run Behavior\WriteHtmlCacheBehavior [ RunTime:0.000298s ]
INFO: [ view_filter ] --END-- [ RunTime:0.000390s ]
INFO: [ app_end ] --START--
INFO: Run Behavior\ShowPageTraceBehavior [ RunTime:0.000426s ]
INFO: [ app_end ] --END-- [ RunTime:0.000513s ]

[ 2018-06-10T09:10:35+08:00 ] 127.0.0.1 /index.php/admin/admin/add.html
INFO: [ app_init ] --START--
INFO: Run Behavior\BuildLiteBehavior [ RunTime:0.000021s ]
INFO: [ app_init ] --END-- [ RunTime:0.000346s ]
INFO: [ app_begin ] --START--
INFO: Run Behavior\ReadHtmlCacheBehavior [ RunTime:0.000513s ]
INFO: [ app_begin ] --END-- [ RunTime:0.000673s ]
NOTIC: [8] A session had already been started - ignoring session_start() F:\www\Zt\Dbshop\ThinkPHP\Common\functions.php 第 1263 行.
SQL: SHOW COLUMNS FROM `tb_node` [ RunTime:0.0010s ]
SQL: SELECT * FROM `tb_node` LIMIT 0,20   [ RunTime:0.0002s ]

[ 2018-06-10T09:11:53+08:00 ] 127.0.0.1 /index.php/Admin/Admin/lists.html
INFO: [ app_init ] --START--
INFO: Run Behavior\BuildLiteBehavior [ RunTime:0.000027s ]
INFO: [ app_init ] --END-- [ RunTime:0.002060s ]
INFO: [ app_begin ] --START--
INFO: Run Behavior\ReadHtmlCacheBehavior [ RunTime:0.000855s ]
INFO: [ app_begin ] --END-- [ RunTime:0.001063s ]
NOTIC: [8] A session had already been started - ignoring session_start() F:\www\Zt\Dbshop\ThinkPHP\Common\functions.php 第 1263 行.
SQL: SHOW COLUMNS FROM `tb_admin` [ RunTime:0.0012s ]
SQL: SELECT * FROM `tb_admin` LIMIT 0,20   [ RunTime:0.0002s ]
INFO: [ view_parse ] --START--
INFO: [ template_filter ] --START--
INFO: Run Behavior\ContentReplaceBehavior [ RunTime:0.000897s ]
INFO: [ template_filter ] --END-- [ RunTime:0.001525s ]
NOTIC: [8] Undefined index: name F:\www\Zt\Dbshop\Application\Runtime\Cache\Admin\b7d39a7a7aefb8f444c82adc013a6b41.php 第 32 行.
NOTIC: [8] Undefined index: status F:\www\Zt\Dbshop\Application\Runtime\Cache\Admin\b7d39a7a7aefb8f444c82adc013a6b41.php 第 38 行.
NOTIC: [8] Undefined index: status F:\www\Zt\Dbshop\Application\Runtime\Cache\Admin\b7d39a7a7aefb8f444c82adc013a6b41.php 第 39 行.
NOTIC: [8] Undefined index: status F:\www\Zt\Dbshop\Application\Runtime\Cache\Admin\b7d39a7a7aefb8f444c82adc013a6b41.php 第 40 行.
NOTIC: [8] Undefined variable: page F:\www\Zt\Dbshop\Application\Runtime\Cache\Admin\b7d39a7a7aefb8f444c82adc013a6b41.php 第 75 行.
INFO: Run Behavior\ParseTemplateBehavior [ RunTime:0.015403s ]
INFO: [ view_parse ] --END-- [ RunTime:0.015690s ]
INFO: [ view_filter ] --START--
INFO: Run Behavior\WriteHtmlCacheBehavior [ RunTime:0.000718s ]
INFO: [ view_filter ] --END-- [ RunTime:0.000872s ]
INFO: [ app_end ] --START--
INFO: Run Behavior\ShowPageTraceBehavior [ RunTime:0.000478s ]
INFO: [ app_end ] --END-- [ RunTime:0.000566s ]

[ 2018-06-10T09:11:54+08:00 ] 127.0.0.1 /index.php/Admin/Admin/favicon.ico
INFO: [ app_init ] --START--
INFO: Run Behavior\BuildLiteBehavior [ RunTime:0.000020s ]
INFO: [ app_init ] --END-- [ RunTime:0.000325s ]

[ 2018-06-10T09:11:56+08:00 ] 127.0.0.1 /index.php/admin/admin/add.html
INFO: [ app_init ] --START--
INFO: Run Behavior\BuildLiteBehavior [ RunTime:0.000038s ]
INFO: [ app_init ] --END-- [ RunTime:0.000421s ]
INFO: [ app_begin ] --START--
INFO: Run Behavior\ReadHtmlCacheBehavior [ RunTime:0.000505s ]
INFO: [ app_begin ] --END-- [ RunTime:0.000703s ]
NOTIC: [8] A session had already been started - ignoring session_start() F:\www\Zt\Dbshop\ThinkPHP\Common\functions.php 第 1263 行.
SQL: SHOW COLUMNS FROM `tb_node` [ RunTime:0.0012s ]
SQL: SELECT * FROM `tb_node` LIMIT 0,20   [ RunTime:0.0003s ]

[ 2018-06-10T09:14:04+08:00 ] 127.0.0.1 /index.php/admin/admin/add.html
INFO: [ app_init ] --START--
INFO: Run Behavior\BuildLiteBehavior [ RunTime:0.000021s ]
INFO: [ app_init ] --END-- [ RunTime:0.000410s ]
INFO: [ app_begin ] --START--
INFO: Run Behavior\ReadHtmlCacheBehavior [ RunTime:0.000457s ]
INFO: [ app_begin ] --END-- [ RunTime:0.000554s ]
NOTIC: [8] A session had already been started - ignoring session_start() F:\www\Zt\Dbshop\ThinkPHP\Common\functions.php 第 1263 行.
SQL: SHOW COLUMNS FROM `tb_node` [ RunTime:0.0010s ]
SQL: SELECT * FROM `tb_node` LIMIT 0,20   [ RunTime:0.0002s ]
INFO: [ view_parse ] --START--
INFO: [ template_filter ] --START--
INFO: Run Behavior\ContentReplaceBehavior [ RunTime:0.000252s ]
INFO: [ template_filter ] --END-- [ RunTime:0.000605s ]
INFO: Run Behavior\ParseTemplateBehavior [ RunTime:0.021086s ]
INFO: [ view_parse ] --END-- [ RunTime:0.021217s ]
INFO: [ view_filter ] --START--
INFO: Run Behavior\WriteHtmlCacheBehavior [ RunTime:0.001096s ]
INFO: [ view_filter ] --END-- [ RunTime:0.001328s ]
INFO: [ app_end ] --START--
INFO: Run Behavior\ShowPageTraceBehavior [ RunTime:0.001548s ]
INFO: [ app_end ] --END-- [ RunTime:0.001754s ]

[ 2018-06-10T09:14:04+08:00 ] 127.0.0.1 /index.php/admin/admin/favicon.ico
INFO: [ app_init ] --START--
INFO: Run Behavior\BuildLiteBehavior [ RunTime:0.000022s ]
INFO: [ app_init ] --END-- [ RunTime:0.000351s ]

[ 2018-06-10T09:16:37+08:00 ] 127.0.0.1 /index.php/admin/admin/add.html
INFO: [ app_init ] --START--
INFO: Run Behavior\BuildLiteBehavior [ RunTime:0.000021s ]
INFO: [ app_init ] --END-- [ RunTime:0.000367s ]
INFO: [ app_begin ] --START--
INFO: Run Behavior\ReadHtmlCacheBehavior [ RunTime:0.000403s ]
INFO: [ app_begin ] --END-- [ RunTime:0.000495s ]
NOTIC: [8] A session had already been started - ignoring session_start() F:\www\Zt\Dbshop\ThinkPHP\Common\functions.php 第 1263 行.
SQL: SHOW COLUMNS FROM `tb_node` [ RunTime:0.0016s ]
SQL: SELECT * FROM `tb_node` LIMIT 0,20   [ RunTime:0.0011s ]
INFO: [ view_parse ] --START--
INFO: [ template_filter ] --START--
INFO: Run Behavior\ContentReplaceBehavior [ RunTime:0.000125s ]
INFO: [ template_filter ] --END-- [ RunTime:0.000258s ]
INFO: Run Behavior\ParseTemplateBehavior [ RunTime:0.026960s ]
INFO: [ view_parse ] --END-- [ RunTime:0.027093s ]
INFO: [ view_filter ] --START--
INFO: Run Behavior\WriteHtmlCacheBehavior [ RunTime:0.000273s ]
INFO: [ view_filter ] --END-- [ RunTime:0.000364s ]
INFO: [ app_end ] --START--
INFO: Run Behavior\ShowPageTraceBehavior [ RunTime:0.000414s ]
INFO: [ app_end ] --END-- [ RunTime:0.000496s ]

[ 2018-06-10T09:18:15+08:00 ] 127.0.0.1 /index.php/admin/admin/add.html
INFO: [ app_init ] --START--
INFO: Run Behavior\BuildLiteBehavior [ RunTime:0.000020s ]
INFO: [ app_init ] --END-- [ RunTime:0.000331s ]
INFO: [ app_begin ] --START--
INFO: Run Behavior\ReadHtmlCacheBehavior [ RunTime:0.000332s ]
INFO: [ app_begin ] --END-- [ RunTime:0.000423s ]
NOTIC: [8] A session had already been started - ignoring session_start() F:\www\Zt\Dbshop\ThinkPHP\Common\functions.php 第 1263 行.
SQL: SHOW COLUMNS FROM `tb_role` [ RunTime:0.0015s ]
SQL: SELECT * FROM `tb_role` LIMIT 0,20   [ RunTime:0.0003s ]
INFO: [ view_parse ] --START--
INFO: [ template_filter ] --START--
INFO: Run Behavior\ContentReplaceBehavior [ RunTime:0.000095s ]
INFO: [ template_filter ] --END-- [ RunTime:0.000188s ]
INFO: Run Behavior\ParseTemplateBehavior [ RunTime:0.024485s ]
INFO: [ view_parse ] --END-- [ RunTime:0.024740s ]
INFO: [ view_filter ] --START--
INFO: Run Behavior\WriteHtmlCacheBehavior [ RunTime:0.000197s ]
INFO: [ view_filter ] --END-- [ RunTime:0.000292s ]
INFO: [ app_end ] --START--
INFO: Run Behavior\ShowPageTraceBehavior [ RunTime:0.000414s ]
INFO: [ app_end ] --END-- [ RunTime:0.000500s ]

[ 2018-06-10T09:23:54+08:00 ] 127.0.0.1 /index.php/admin/admin/add.html
INFO: [ app_init ] --START--
INFO: Run Behavior\BuildLiteBehavior [ RunTime:0.000021s ]
INFO: [ app_init ] --END-- [ RunTime:0.000362s ]
INFO: [ app_begin ] --START--
INFO: Run Behavior\ReadHtmlCacheBehavior [ RunTime:0.000339s ]
INFO: [ app_begin ] --END-- [ RunTime:0.000434s ]
NOTIC: [8] A session had already been started - ignoring session_start() F:\www\Zt\Dbshop\ThinkPHP\Common\functions.php 第 1263 行.
SQL: SHOW COLUMNS FROM `tb_role` [ RunTime:0.0011s ]
SQL: SELECT * FROM `tb_role` LIMIT 0,20   [ RunTime:0.0002s ]
INFO: [ view_parse ] --START--
INFO: [ template_filter ] --START--
INFO: Run Behavior\ContentReplaceBehavior [ RunTime:0.000071s ]
INFO: [ template_filter ] --END-- [ RunTime:0.000201s ]
INFO: Run Behavior\ParseTemplateBehavior [ RunTime:0.017748s ]
INFO: [ view_parse ] --END-- [ RunTime:0.017910s ]
INFO: [ view_filter ] --START--
INFO: Run Behavior\WriteHtmlCacheBehavior [ RunTime:0.000902s ]
INFO: [ view_filter ] --END-- [ RunTime:0.001032s ]
INFO: [ app_end ] --START--
INFO: Run Behavior\ShowPageTraceBehavior [ RunTime:0.000490s ]
INFO: [ app_end ] --END-- [ RunTime:0.000578s ]

[ 2018-06-10T09:24:00+08:00 ] 127.0.0.1 /index.php/admin/add/doadd.html
INFO: [ app_init ] --START--
INFO: Run Behavior\BuildLiteBehavior [ RunTime:0.000022s ]
INFO: [ app_init ] --END-- [ RunTime:0.000543s ]
INFO: [ app_begin ] --START--
INFO: Run Behavior\ReadHtmlCacheBehavior [ RunTime:0.000399s ]
INFO: [ app_begin ] --END-- [ RunTime:0.000495s ]
NOTIC: [8] A session had already been started - ignoring session_start() F:\www\Zt\Dbshop\ThinkPHP\Common\functions.php 第 1263 行.
ERR: 无法加载控制器:Add

[ 2018-06-10T09:24:26+08:00 ] 127.0.0.1 /index.php/admin/add/doadd.html
INFO: [ app_init ] --START--
INFO: Run Behavior\BuildLiteBehavior [ RunTime:0.000023s ]
INFO: [ app_init ] --END-- [ RunTime:0.000333s ]
INFO: [ app_begin ] --START--
INFO: Run Behavior\ReadHtmlCacheBehavior [ RunTime:0.000317s ]
INFO: [ app_begin ] --END-- [ RunTime:0.000410s ]
NOTIC: [8] A session had already been started - ignoring session_start() F:\www\Zt\Dbshop\ThinkPHP\Common\functions.php 第 1263 行.
ERR: 无法加载控制器:Add

[ 2018-06-10T09:24:28+08:00 ] 127.0.0.1 /index.php/admin/admin/add.html
INFO: [ app_init ] --START--
INFO: Run Behavior\BuildLiteBehavior [ RunTime:0.000036s ]
INFO: [ app_init ] --END-- [ RunTime:0.000488s ]
INFO: [ app_begin ] --START--
INFO: Run Behavior\ReadHtmlCacheBehavior [ RunTime:0.000567s ]
INFO: [ app_begin ] --END-- [ RunTime:0.000680s ]
NOTIC: [8] A session had already been started - ignoring session_start() F:\www\Zt\Dbshop\ThinkPHP\Common\functions.php 第 1263 行.
SQL: SHOW COLUMNS FROM `tb_role` [ RunTime:0.0011s ]
SQL: SELECT * FROM `tb_role` LIMIT 0,20   [ RunTime:0.0002s ]
INFO: [ view_parse ] --START--
INFO: [ template_filter ] --START--
INFO: Run Behavior\ContentReplaceBehavior [ RunTime:0.000066s ]
INFO: [ template_filter ] --END-- [ RunTime:0.000173s ]
INFO: Run Behavior\ParseTemplateBehavior [ RunTime:0.033516s ]
INFO: [ view_parse ] --END-- [ RunTime:0.033656s ]
INFO: [ view_filter ] --START--
INFO: Run Behavior\WriteHtmlCacheBehavior [ RunTime:0.000199s ]
INFO: [ view_filter ] --END-- [ RunTime:0.000291s ]
INFO: [ app_end ] --START--
INFO: Run Behavior\ShowPageTraceBehavior [ RunTime:0.000436s ]
INFO: [ app_end ] --END-- [ RunTime:0.000525s ]

[ 2018-06-10T09:24:33+08:00 ] 127.0.0.1 /index.php/admin/admin/doadd.html
INFO: [ app_init ] --START--
INFO: Run Behavior\BuildLiteBehavior [ RunTime:0.000019s ]
INFO: [ app_init ] --END-- [ RunTime:0.000322s ]
INFO: [ app_begin ] --START--
INFO: Run Behavior\ReadHtmlCacheBehavior [ RunTime:0.000321s ]
INFO: [ app_begin ] --END-- [ RunTime:0.000414s ]
NOTIC: [8] A session had already been started - ignoring session_start() F:\www\Zt\Dbshop\ThinkPHP\Common\functions.php 第 1263 行.

[ 2018-06-10T09:28:34+08:00 ] 127.0.0.1 /index.php/admin/admin/doadd.html
INFO: [ app_init ] --START--
INFO: Run Behavior\BuildLiteBehavior [ RunTime:0.000023s ]
INFO: [ app_init ] --END-- [ RunTime:0.000593s ]
INFO: [ app_begin ] --START--
INFO: Run Behavior\ReadHtmlCacheBehavior [ RunTime:0.000720s ]
INFO: [ app_begin ] --END-- [ RunTime:0.000924s ]
NOTIC: [8] A session had already been started - ignoring session_start() F:\www\Zt\Dbshop\ThinkPHP\Common\functions.php 第 1263 行.
SQL: SHOW COLUMNS FROM `tb_admin` [ RunTime:0.0006s ]
SQL: INSERT INTO `tb_admin` (`name`,`password`,`phone`,`createtime`) VALUES ('1','111','15590062337','2018-06-10 09:28:34') [ RunTime:0.0033s ]
INFO: [ view_parse ] --START--
INFO: [ template_filter ] --START--
INFO: Run Behavior\ContentReplaceBehavior [ RunTime:0.000077s ]
INFO: [ template_filter ] --END-- [ RunTime:0.000167s ]
INFO: Run Behavior\ParseTemplateBehavior [ RunTime:0.062466s ]
INFO: [ view_parse ] --END-- [ RunTime:0.062580s ]
INFO: [ view_filter ] --START--
INFO: Run Behavior\WriteHtmlCacheBehavior [ RunTime:0.000297s ]
INFO: [ view_filter ] --END-- [ RunTime:0.000390s ]
INFO: [ app_end ] --START--
INFO: Run Behavior\ShowPageTraceBehavior [ RunTime:0.000467s ]
INFO: [ app_end ] --END-- [ RunTime:0.000554s ]

[ 2018-06-10T09:28:35+08:00 ] 127.0.0.1 /index.php/Admin/admin/list.html
INFO: [ app_init ] --START--
INFO: Run Behavior\BuildLiteBehavior [ RunTime:0.000020s ]
INFO: [ app_init ] --END-- [ RunTime:0.000349s ]
INFO: [ app_begin ] --START--
INFO: Run Behavior\ReadHtmlCacheBehavior [ RunTime:0.000334s ]
INFO: [ app_begin ] --END-- [ RunTime:0.000426s ]
NOTIC: [8] A session had already been started - ignoring session_start() F:\www\Zt\Dbshop\ThinkPHP\Common\functions.php 第 1263 行.
ERR: 非法操作:list

[ 2018-06-10T09:28:41+08:00 ] 127.0.0.1 /index.php/Admin/admin/list.html
INFO: [ app_init ] --START--
INFO: Run Behavior\BuildLiteBehavior [ RunTime:0.000085s ]
INFO: [ app_init ] --END-- [ RunTime:0.001147s ]
INFO: [ app_begin ] --START--
INFO: Run Behavior\ReadHtmlCacheBehavior [ RunTime:0.002343s ]
INFO: [ app_begin ] --END-- [ RunTime:0.002475s ]
NOTIC: [8] A session had already been started - ignoring session_start() F:\www\Zt\Dbshop\ThinkPHP\Common\functions.php 第 1263 行.
ERR: 非法操作:list

[ 2018-06-10T09:28:45+08:00 ] 127.0.0.1 /index.php/Admin/admin/list.html
INFO: [ app_init ] --START--
INFO: Run Behavior\BuildLiteBehavior [ RunTime:0.000023s ]
INFO: [ app_init ] --END-- [ RunTime:0.009216s ]
INFO: [ app_begin ] --START--
INFO: Run Behavior\ReadHtmlCacheBehavior [ RunTime:0.000353s ]
INFO: [ app_begin ] --END-- [ RunTime:0.000441s ]
NOTIC: [8] A session had already been started - ignoring session_start() F:\www\Zt\Dbshop\ThinkPHP\Common\functions.php 第 1263 行.
ERR: 非法操作:list

[ 2018-06-10T11:11:25+08:00 ] 127.0.0.1 /index.php/admin/admin/add.html
INFO: [ app_init ] --START--
INFO: Run Behavior\BuildLiteBehavior [ RunTime:0.000030s ]
INFO: [ app_init ] --END-- [ RunTime:0.000744s ]
INFO: [ app_begin ] --START--
INFO: Run Behavior\ReadHtmlCacheBehavior [ RunTime:0.000433s ]
INFO: [ app_begin ] --END-- [ RunTime:0.000539s ]
NOTIC: [8] A session had already been started - ignoring session_start() F:\www\Zt\Dbshop\ThinkPHP\Common\functions.php 第 1263 行.
SQL: SHOW COLUMNS FROM `tb_role` [ RunTime:0.0013s ]
SQL: SELECT * FROM `tb_role` LIMIT 0,20   [ RunTime:0.0003s ]
INFO: [ view_parse ] --START--
INFO: [ template_filter ] --START--
INFO: Run Behavior\ContentReplaceBehavior [ RunTime:0.000068s ]
INFO: [ template_filter ] --END-- [ RunTime:0.000195s ]
INFO: Run Behavior\ParseTemplateBehavior [ RunTime:0.009298s ]
INFO: [ view_parse ] --END-- [ RunTime:0.009535s ]
INFO: [ view_filter ] --START--
INFO: Run Behavior\WriteHtmlCacheBehavior [ RunTime:0.000257s ]
INFO: [ view_filter ] --END-- [ RunTime:0.000341s ]
INFO: [ app_end ] --START--
INFO: Run Behavior\ShowPageTraceBehavior [ RunTime:0.000443s ]
INFO: [ app_end ] --END-- [ RunTime:0.000540s ]

[ 2018-06-10T11:11:40+08:00 ] 127.0.0.1 /index.php/admin/admin/doadd.html
INFO: [ app_init ] --START--
INFO: Run Behavior\BuildLiteBehavior [ RunTime:0.000020s ]
INFO: [ app_init ] --END-- [ RunTime:0.000337s ]
INFO: [ app_begin ] --START--
INFO: Run Behavior\ReadHtmlCacheBehavior [ RunTime:0.000322s ]
INFO: [ app_begin ] --END-- [ RunTime:0.000427s ]
NOTIC: [8] A session had already been started - ignoring session_start() F:\www\Zt\Dbshop\ThinkPHP\Common\functions.php 第 1263 行.
SQL: SHOW COLUMNS FROM `tb_admin` [ RunTime:0.0006s ]
SQL: INSERT INTO `tb_admin` (`name`,`password`,`phone`,`createtime`) VALUES ('老板','110110','110','2018-06-10 11:11:40') [ RunTime:0.0016s ]
INFO: [ view_parse ] --START--
INFO: [ template_filter ] --START--
INFO: Run Behavior\ContentReplaceBehavior [ RunTime:0.000056s ]
INFO: [ template_filter ] --END-- [ RunTime:0.000156s ]
INFO: Run Behavior\ParseTemplateBehavior [ RunTime:0.025582s ]
INFO: [ view_parse ] --END-- [ RunTime:0.025684s ]
INFO: [ view_filter ] --START--
INFO: Run Behavior\WriteHtmlCacheBehavior [ RunTime:0.000228s ]
INFO: [ view_filter ] --END-- [ RunTime:0.000314s ]
INFO: [ app_end ] --START--
INFO: Run Behavior\ShowPageTraceBehavior [ RunTime:0.000430s ]
INFO: [ app_end ] --END-- [ RunTime:0.000526s ]

[ 2018-06-10T11:11:41+08:00 ] 127.0.0.1 /index.php/Admin/admin/lists.html
INFO: [ app_init ] --START--
INFO: Run Behavior\BuildLiteBehavior [ RunTime:0.000034s ]
INFO: [ app_init ] --END-- [ RunTime:0.000493s ]
INFO: [ app_begin ] --START--
INFO: Run Behavior\ReadHtmlCacheBehavior [ RunTime:0.000463s ]
INFO: [ app_begin ] --END-- [ RunTime:0.000577s ]
NOTIC: [8] A session had already been started - ignoring session_start() F:\www\Zt\Dbshop\ThinkPHP\Common\functions.php 第 1263 行.
SQL: SHOW COLUMNS FROM `tb_admin` [ RunTime:0.0011s ]
SQL: SELECT * FROM `tb_admin` LIMIT 0,20   [ RunTime:0.0002s ]
INFO: [ view_parse ] --START--
INFO: [ template_filter ] --START--
INFO: Run Behavior\ContentReplaceBehavior [ RunTime:0.000074s ]
INFO: [ template_filter ] --END-- [ RunTime:0.000168s ]
NOTIC: [8] Undefined index: name F:\www\Zt\Dbshop\Application\Runtime\Cache\Admin\b7d39a7a7aefb8f444c82adc013a6b41.php 第 32 行.
NOTIC: [8] Undefined index: status F:\www\Zt\Dbshop\Application\Runtime\Cache\Admin\b7d39a7a7aefb8f444c82adc013a6b41.php 第 38 行.
NOTIC: [8] Undefined index: status F:\www\Zt\Dbshop\Application\Runtime\Cache\Admin\b7d39a7a7aefb8f444c82adc013a6b41.php 第 39 行.
NOTIC: [8] Undefined index: status F:\www\Zt\Dbshop\Application\Runtime\Cache\Admin\b7d39a7a7aefb8f444c82adc013a6b41.php 第 40 行.
NOTIC: [8] Undefined variable: page F:\www\Zt\Dbshop\Application\Runtime\Cache\Admin\b7d39a7a7aefb8f444c82adc013a6b41.php 第 75 行.
INFO: Run Behavior\ParseTemplateBehavior [ RunTime:0.013587s ]
INFO: [ view_parse ] --END-- [ RunTime:0.013682s ]
INFO: [ view_filter ] --START--
INFO: Run Behavior\WriteHtmlCacheBehavior [ RunTime:0.000297s ]
INFO: [ view_filter ] --END-- [ RunTime:0.000383s ]
INFO: [ app_end ] --START--
INFO: Run Behavior\ShowPageTraceBehavior [ RunTime:0.000436s ]
INFO: [ app_end ] --END-- [ RunTime:0.000551s ]

[ 2018-06-10T11:11:41+08:00 ] 127.0.0.1 /index.php/Admin/admin/favicon.ico
INFO: [ app_init ] --START--
INFO: Run Behavior\BuildLiteBehavior [ RunTime:0.000024s ]
INFO: [ app_init ] --END-- [ RunTime:0.000471s ]

[ 2018-06-10T11:12:12+08:00 ] 127.0.0.1 /index.php/admin/admin/add.html
INFO: [ app_init ] --START--
INFO: Run Behavior\BuildLiteBehavior [ RunTime:0.000019s ]
INFO: [ app_init ] --END-- [ RunTime:0.000375s ]
INFO: [ app_begin ] --START--
INFO: Run Behavior\ReadHtmlCacheBehavior [ RunTime:0.000345s ]
INFO: [ app_begin ] --END-- [ RunTime:0.000448s ]
NOTIC: [8] A session had already been started - ignoring session_start() F:\www\Zt\Dbshop\ThinkPHP\Common\functions.php 第 1263 行.
SQL: SHOW COLUMNS FROM `tb_role` [ RunTime:0.0029s ]
SQL: SELECT * FROM `tb_role` LIMIT 0,20   [ RunTime:0.0004s ]
INFO: [ view_parse ] --START--
INFO: [ template_filter ] --START--
INFO: Run Behavior\ContentReplaceBehavior [ RunTime:0.000076s ]
INFO: [ template_filter ] --END-- [ RunTime:0.000172s ]
INFO: Run Behavior\ParseTemplateBehavior [ RunTime:0.008152s ]
INFO: [ view_parse ] --END-- [ RunTime:0.008378s ]
INFO: [ view_filter ] --START--
INFO: Run Behavior\WriteHtmlCacheBehavior [ RunTime:0.000244s ]
INFO: [ view_filter ] --END-- [ RunTime:0.000333s ]
INFO: [ app_end ] --START--
INFO: Run Behavior\ShowPageTraceBehavior [ RunTime:0.000435s ]
INFO: [ app_end ] --END-- [ RunTime:0.000531s ]

[ 2018-06-10T11:12:18+08:00 ] 127.0.0.1 /index.php/admin/admin/doadd.html
INFO: [ app_init ] --START--
INFO: Run Behavior\BuildLiteBehavior [ RunTime:0.000021s ]
INFO: [ app_init ] --END-- [ RunTime:0.000333s ]
INFO: [ app_begin ] --START--
INFO: Run Behavior\ReadHtmlCacheBehavior [ RunTime:0.000392s ]
INFO: [ app_begin ] --END-- [ RunTime:0.000493s ]
NOTIC: [8] A session had already been started - ignoring session_start() F:\www\Zt\Dbshop\ThinkPHP\Common\functions.php 第 1263 行.
SQL: SHOW COLUMNS FROM `tb_admin` [ RunTime:0.0019s ]
SQL: INSERT INTO `tb_admin` (`name`,`password`,`phone`,`createtime`) VALUES ('手机壳','110110','admin','2018-06-10 11:12:18') [ RunTime:0.0016s ]
INFO: [ view_parse ] --START--
INFO: [ template_filter ] --START--
INFO: Run Behavior\ContentReplaceBehavior [ RunTime:0.000084s ]
INFO: [ template_filter ] --END-- [ RunTime:0.000222s ]
INFO: Run Behavior\ParseTemplateBehavior [ RunTime:0.012697s ]
INFO: [ view_parse ] --END-- [ RunTime:0.012794s ]
INFO: [ view_filter ] --START--
INFO: Run Behavior\WriteHtmlCacheBehavior [ RunTime:0.000221s ]
INFO: [ view_filter ] --END-- [ RunTime:0.000346s ]
INFO: [ app_end ] --START--
INFO: Run Behavior\ShowPageTraceBehavior [ RunTime:0.000421s ]
INFO: [ app_end ] --END-- [ RunTime:0.000517s ]

[ 2018-06-10T11:12:19+08:00 ] 127.0.0.1 /index.php/Admin/admin/lists.html
INFO: [ app_init ] --START--
INFO: Run Behavior\BuildLiteBehavior [ RunTime:0.000074s ]
INFO: [ app_init ] --END-- [ RunTime:0.000622s ]
INFO: [ app_begin ] --START--
INFO: Run Behavior\ReadHtmlCacheBehavior [ RunTime:0.000341s ]
INFO: [ app_begin ] --END-- [ RunTime:0.000476s ]
NOTIC: [8] A session had already been started - ignoring session_start() F:\www\Zt\Dbshop\ThinkPHP\Common\functions.php 第 1263 行.
SQL: SHOW COLUMNS FROM `tb_admin` [ RunTime:0.0010s ]
SQL: SELECT * FROM `tb_admin` LIMIT 0,20   [ RunTime:0.0002s ]
INFO: [ view_parse ] --START--
INFO: [ template_filter ] --START--
INFO: Run Behavior\ContentReplaceBehavior [ RunTime:0.000082s ]
INFO: [ template_filter ] --END-- [ RunTime:0.000181s ]
NOTIC: [8] Undefined index: name F:\www\Zt\Dbshop\Application\Runtime\Cache\Admin\b7d39a7a7aefb8f444c82adc013a6b41.php 第 32 行.
NOTIC: [8] Undefined index: status F:\www\Zt\Dbshop\Application\Runtime\Cache\Admin\b7d39a7a7aefb8f444c82adc013a6b41.php 第 38 行.
NOTIC: [8] Undefined index: status F:\www\Zt\Dbshop\Application\Runtime\Cache\Admin\b7d39a7a7aefb8f444c82adc013a6b41.php 第 39 行.
NOTIC: [8] Undefined index: status F:\www\Zt\Dbshop\Application\Runtime\Cache\Admin\b7d39a7a7aefb8f444c82adc013a6b41.php 第 40 行.
NOTIC: [8] Undefined variable: page F:\www\Zt\Dbshop\Application\Runtime\Cache\Admin\b7d39a7a7aefb8f444c82adc013a6b41.php 第 75 行.
INFO: Run Behavior\ParseTemplateBehavior [ RunTime:0.012552s ]
INFO: [ view_parse ] --END-- [ RunTime:0.012661s ]
INFO: [ view_filter ] --START--
INFO: Run Behavior\WriteHtmlCacheBehavior [ RunTime:0.000228s ]
INFO: [ view_filter ] --END-- [ RunTime:0.000313s ]
INFO: [ app_end ] --START--
INFO: Run Behavior\ShowPageTraceBehavior [ RunTime:0.000415s ]
INFO: [ app_end ] --END-- [ RunTime:0.000513s ]

[ 2018-06-10T11:14:50+08:00 ] 127.0.0.1 /index.php/admin/admin/add.html
INFO: [ app_init ] --START--
INFO: Run Behavior\BuildLiteBehavior [ RunTime:0.000020s ]
INFO: [ app_init ] --END-- [ RunTime:0.000397s ]
INFO: [ app_begin ] --START--
INFO: Run Behavior\ReadHtmlCacheBehavior [ RunTime:0.000438s ]
INFO: [ app_begin ] --END-- [ RunTime:0.000548s ]
NOTIC: [8] A session had already been started - ignoring session_start() F:\www\Zt\Dbshop\ThinkPHP\Common\functions.php 第 1263 行.
SQL: SHOW COLUMNS FROM `tb_role` [ RunTime:0.0005s ]
SQL: SELECT * FROM `tb_role` LIMIT 0,20   [ RunTime:0.0002s ]
INFO: [ view_parse ] --START--
INFO: [ template_filter ] --START--
INFO: Run Behavior\ContentReplaceBehavior [ RunTime:0.000082s ]
INFO: [ template_filter ] --END-- [ RunTime:0.000181s ]
INFO: Run Behavior\ParseTemplateBehavior [ RunTime:0.011075s ]
INFO: [ view_parse ] --END-- [ RunTime:0.011334s ]
INFO: [ view_filter ] --START--
INFO: Run Behavior\WriteHtmlCacheBehavior [ RunTime:0.000330s ]
INFO: [ view_filter ] --END-- [ RunTime:0.000422s ]
INFO: [ app_end ] --START--
INFO: Run Behavior\ShowPageTraceBehavior [ RunTime:0.000481s ]
INFO: [ app_end ] --END-- [ RunTime:0.000585s ]

[ 2018-06-10T11:14:55+08:00 ] 127.0.0.1 /index.php/admin/admin/doadd.html
INFO: [ app_init ] --START--
INFO: Run Behavior\BuildLiteBehavior [ RunTime:0.000021s ]
INFO: [ app_init ] --END-- [ RunTime:0.000339s ]
INFO: [ app_begin ] --START--
INFO: Run Behavior\ReadHtmlCacheBehavior [ RunTime:0.000379s ]
INFO: [ app_begin ] --END-- [ RunTime:0.000484s ]
NOTIC: [8] A session had already been started - ignoring session_start() F:\www\Zt\Dbshop\ThinkPHP\Common\functions.php 第 1263 行.

[ 2018-06-10T11:15:21+08:00 ] 127.0.0.1 /index.php/admin/admin/doadd.html
INFO: [ app_init ] --START--
INFO: Run Behavior\BuildLiteBehavior [ RunTime:0.000020s ]
INFO: [ app_init ] --END-- [ RunTime:0.000338s ]
INFO: [ app_begin ] --START--
INFO: Run Behavior\ReadHtmlCacheBehavior [ RunTime:0.001335s ]
INFO: [ app_begin ] --END-- [ RunTime:0.001685s ]
NOTIC: [8] A session had already been started - ignoring session_start() F:\www\Zt\Dbshop\ThinkPHP\Common\functions.php 第 1263 行.

[ 2018-06-10T11:15:29+08:00 ] 127.0.0.1 /index.php/admin/admin/doadd.html
INFO: [ app_init ] --START--
INFO: Run Behavior\BuildLiteBehavior [ RunTime:0.000019s ]
INFO: [ app_init ] --END-- [ RunTime:0.000322s ]
INFO: [ app_begin ] --START--
INFO: Run Behavior\ReadHtmlCacheBehavior [ RunTime:0.000370s ]
INFO: [ app_begin ] --END-- [ RunTime:0.000481s ]
NOTIC: [8] A session had already been started - ignoring session_start() F:\www\Zt\Dbshop\ThinkPHP\Common\functions.php 第 1263 行.

[ 2018-06-10T11:15:48+08:00 ] 127.0.0.1 /index.php/Admin/Admin/lists.html?v=4.0
INFO: [ app_init ] --START--
INFO: Run Behavior\BuildLiteBehavior [ RunTime:0.000018s ]
INFO: [ app_init ] --END-- [ RunTime:0.000320s ]
INFO: [ app_begin ] --START--
INFO: Run Behavior\ReadHtmlCacheBehavior [ RunTime:0.000367s ]
INFO: [ app_begin ] --END-- [ RunTime:0.000467s ]
NOTIC: [8] A session had already been started - ignoring session_start() F:\www\Zt\Dbshop\ThinkPHP\Common\functions.php 第 1263 行.
SQL: SHOW COLUMNS FROM `tb_admin` [ RunTime:0.0011s ]
SQL: SELECT * FROM `tb_admin` LIMIT 0,20   [ RunTime:0.0002s ]
INFO: [ view_parse ] --START--
INFO: [ template_filter ] --START--
INFO: Run Behavior\ContentReplaceBehavior [ RunTime:0.000078s ]
INFO: [ template_filter ] --END-- [ RunTime:0.000170s ]
NOTIC: [8] Undefined index: name F:\www\Zt\Dbshop\Application\Runtime\Cache\Admin\b7d39a7a7aefb8f444c82adc013a6b41.php 第 32 行.
NOTIC: [8] Undefined index: status F:\www\Zt\Dbshop\Application\Runtime\Cache\Admin\b7d39a7a7aefb8f444c82adc013a6b41.php 第 38 行.
NOTIC: [8] Undefined index: status F:\www\Zt\Dbshop\Application\Runtime\Cache\Admin\b7d39a7a7aefb8f444c82adc013a6b41.php 第 39 行.
NOTIC: [8] Undefined index: status F:\www\Zt\Dbshop\Application\Runtime\Cache\Admin\b7d39a7a7aefb8f444c82adc013a6b41.php 第 40 行.
NOTIC: [8] Undefined variable: page F:\www\Zt\Dbshop\Application\Runtime\Cache\Admin\b7d39a7a7aefb8f444c82adc013a6b41.php 第 75 行.
INFO: Run Behavior\ParseTemplateBehavior [ RunTime:0.009780s ]
INFO: [ view_parse ] --END-- [ RunTime:0.009884s ]
INFO: [ view_filter ] --START--
INFO: Run Behavior\WriteHtmlCacheBehavior [ RunTime:0.000277s ]
INFO: [ view_filter ] --END-- [ RunTime:0.000370s ]
INFO: [ app_end ] --START--
INFO: Run Behavior\ShowPageTraceBehavior [ RunTime:0.000428s ]
INFO: [ app_end ] --END-- [ RunTime:0.000519s ]

